<?xml version="1.0" encoding="UTF-8"?>
<testsuites name="SP Tests" tests="155" failures="10" errors="0" time="87.251">
  <testsuite name="getDescription" errors="0" failures="0" skipped="0" timestamp="2021-06-09T10:23:19" time="58.766" tests="8">
    <testcase classname="getDescription возвращает описание" name="getDescription возвращает описание" time="0.006">
    </testcase>
    <testcase classname="getDescription возвращает полное имя региона, если такое существует" name="getDescription возвращает полное имя региона, если такое существует" time="0.001">
    </testcase>
    <testcase classname="getDescription возвращает undefined, если список пустой" name="getDescription возвращает undefined, если список пустой" time="0">
    </testcase>
    <testcase classname="getDescription возвращает undefined, если нет региона или страны" name="getDescription возвращает undefined, если нет региона или страны" time="0.001">
    </testcase>
    <testcase classname="Banner рендерит без ошибок" name="Banner рендерит без ошибок" time="0.049">
    </testcase>
    <testcase classname="Banner отображает название" name="Banner отображает название" time="0.027">
    </testcase>
    <testcase classname="Banner отображает регион" name="Banner отображает регион" time="0.01">
    </testcase>
    <testcase classname="Banner не отображает название и регион, если их нет" name="Banner не отображает название и регион, если их нет" time="0.005">
    </testcase>
  </testsuite>
  <testsuite name="ProjectsFilter" errors="0" failures="0" skipped="0" timestamp="2021-06-09T10:23:19" time="59.136" tests="3">
    <testcase classname="ProjectsFilter рендерится без ошибок" name="ProjectsFilter рендерится без ошибок" time="0.231">
    </testcase>
    <testcase classname="ProjectsFilter срабатывает onInputSearch" name="ProjectsFilter срабатывает onInputSearch" time="0.14">
    </testcase>
    <testcase classname="ProjectsFilter срабатывает onChangeFilter" name="ProjectsFilter срабатывает onChangeFilter" time="0.104">
    </testcase>
  </testsuite>
  <testsuite name="EditedAt" errors="0" failures="0" skipped="0" timestamp="2021-06-09T10:23:19" time="59.18" tests="5">
    <testcase classname="EditedAt рендерится без ошибок" name="EditedAt рендерится без ошибок" time="0.17">
    </testcase>
    <testcase classname="EditedAt рендерится кнопка «меню»" name="EditedAt рендерится кнопка «меню»" time="0.06">
    </testcase>
    <testcase classname="EditedAt рендерится всплывающий блок" name="EditedAt рендерится всплывающий блок" time="0.151">
    </testcase>
    <testcase classname="EditedAt всплывающий блок закрывается при клике на пункт меню" name="EditedAt всплывающий блок закрывается при клике на пункт меню" time="0.071">
    </testcase>
    <testcase classname="EditedAt всплывающий блок закрывается при клике вне меню" name="EditedAt всплывающий блок закрывается при клике вне меню" time="0.062">
    </testcase>
  </testsuite>
  <testsuite name="Footer" errors="0" failures="0" skipped="0" timestamp="2021-06-09T10:23:19" time="59.623" tests="10">
    <testcase classname="Footer рендерит без ошибок" name="Footer рендерит без ошибок" time="0.061">
    </testcase>
    <testcase classname="Footer моды показывает футер для создания проекта" name="Footer моды показывает футер для создания проекта" time="0.266">
    </testcase>
    <testcase classname="Footer моды показывает футер для редактирования проекта" name="Footer моды показывает футер для редактирования проекта" time="0.087">
    </testcase>
    <testcase classname="Footer моды не показывает футер для редактирования проекта, если isVisibleEdit=false" name="Footer моды не показывает футер для редактирования проекта, если isVisibleEdit=false" time="0.005">
    </testcase>
    <testcase classname="Footer создание проекта шаги увеличивает шаг " name="Footer создание проекта шаги увеличивает шаг " time="0.126">
    </testcase>
    <testcase classname="Footer создание проекта шаги уменьшает шаг " name="Footer создание проекта шаги уменьшает шаг " time="0.094">
    </testcase>
    <testcase classname="Footer создание проекта шаги показывает кнопку создания проекта, если шаг последний" name="Footer создание проекта шаги показывает кнопку создания проекта, если шаг последний" time="0.076">
    </testcase>
    <testcase classname="Footer создание проекта вызывает обработчик onCancel" name="Footer создание проекта вызывает обработчик onCancel" time="0.081">
    </testcase>
    <testcase classname="Footer создание проекта вызывает обработчик onCreate" name="Footer создание проекта вызывает обработчик onCreate" time="0.075">
    </testcase>
    <testcase classname="Footer редактирование проекта вызывает обработчик onCancel" name="Footer редактирование проекта вызывает обработчик onCancel" time="0.061">
    </testcase>
  </testsuite>
  <testsuite name="ProjectsPageView" errors="0" failures="0" skipped="0" timestamp="2021-06-09T10:23:19" time="59.845" tests="7">
    <testcase classname="ProjectsPageView рендерится без ошибок" name="ProjectsPageView рендерится без ошибок" time="0.455">
    </testcase>
    <testcase classname="ProjectsPageView отображается индикатор загрузки" name="ProjectsPageView отображается индикатор загрузки" time="0.075">
    </testcase>
    <testcase classname="ProjectsPageView срабатывает функция для добавления в избранное" name="ProjectsPageView срабатывает функция для добавления в избранное" time="0.176">
    </testcase>
    <testcase classname="ProjectsPageView пагинация выводит счётчики проектов" name="ProjectsPageView пагинация выводит счётчики проектов" time="0.081">
    </testcase>
    <testcase classname="ProjectsPageView пагинация срабатывает обработчик загрузки проектов" name="ProjectsPageView пагинация срабатывает обработчик загрузки проектов" time="0.086">
    </testcase>
    <testcase classname="ProjectsPageView пагинация показывает кнопку загрузки, если есть проекты" name="ProjectsPageView пагинация показывает кнопку загрузки, если есть проекты" time="0.133">
    </testcase>
    <testcase classname="ProjectsPageView пагинация не показывает кнопку, если показаны все проекты" name="ProjectsPageView пагинация не показывает кнопку, если показаны все проекты" time="0.08">
    </testcase>
  </testsuite>
  <testsuite name="ProjectsTable" errors="0" failures="0" skipped="0" timestamp="2021-06-09T10:23:19" time="60.025" tests="10">
    <testcase classname="ProjectsTable рендерится без ошибок" name="ProjectsTable рендерится без ошибок" time="0.231">
    </testcase>
    <testcase classname="ProjectsTable рендерится placeholder по умолчанию" name="ProjectsTable рендерится placeholder по умолчанию" time="0.087">
    </testcase>
    <testcase classname="ProjectsTable рендерится строка placeholder" name="ProjectsTable рендерится строка placeholder" time="0.1">
    </testcase>
    <testcase classname="ProjectsTable рендерится компонент placeholder" name="ProjectsTable рендерится компонент placeholder" time="0.092">
    </testcase>
    <testcase classname="ProjectsTable рендерится строка с данными" name="ProjectsTable рендерится строка с данными" time="0.099">
    </testcase>
    <testcase classname="ProjectsTable добавляется аттрибут title для названия строки" name="ProjectsTable добавляется аттрибут title для названия строки" time="0.067">
    </testcase>
    <testcase classname="ProjectsTable рендерится описание проекта" name="ProjectsTable рендерится описание проекта" time="0.112">
    </testcase>
    <testcase classname="ProjectsTable вызывается onFavorite" name="ProjectsTable вызывается onFavorite" time="0.094">
    </testcase>
    <testcase classname="ProjectsTable не затемняет всю таблицу, если активный элемент был удалён" name="ProjectsTable не затемняет всю таблицу, если активный элемент был удалён" time="0.161">
    </testcase>
    <testcase classname="ProjectsTable при открытом меню, строка становится активной" name="ProjectsTable при открытом меню, строка становится активной" time="0.201">
    </testcase>
  </testsuite>
  <testsuite name="projectsMapper" errors="0" failures="0" skipped="1" timestamp="2021-06-09T10:24:19" time="1.886" tests="6">
    <testcase classname="projectsMapper возвращается массив с верным количеством элементов" name="projectsMapper возвращается массив с верным количеством элементов" time="0.009">
    </testcase>
    <testcase classname="projectsMapper возвращается массив с ожидаемыми данными" name="projectsMapper возвращается массив с ожидаемыми данными" time="0">
      <skipped/>
    </testcase>
    <testcase classname="projectsMapper возвращается пустой массив при отсутствии проектов" name="projectsMapper возвращается пустой массив при отсутствии проектов" time="0.001">
    </testcase>
    <testcase classname="projectsMapper возвращается пустой массив при отсутствии проектов (data[null])" name="projectsMapper возвращается пустой массив при отсутствии проектов (data[null])" time="0.001">
    </testcase>
    <testcase classname="projectsMapper возвращается пустой массив при отсутствии проектов (нет __typename)" name="projectsMapper возвращается пустой массив при отсутствии проектов (нет __typename)" time="0.001">
    </testcase>
    <testcase classname="projectsMapper возвращается массив c элементами по умолчанию" name="projectsMapper возвращается массив c элементами по умолчанию" time="0.004">
    </testcase>
  </testsuite>
  <testsuite name="Валидация полей по схеме" errors="0" failures="0" skipped="0" timestamp="2021-06-09T10:24:19" time="2.009" tests="26">
    <testcase classname="Валидация полей по схеме createValidate при валидных данных возвращает пустой объект" name="Валидация полей по схеме createValidate при валидных данных возвращает пустой объект" time="0.006">
    </testcase>
    <testcase classname="Валидация полей по схеме createValidate если поле не валидно, выводит объект с текстом ошибки" name="Валидация полей по схеме createValidate если поле не валидно, выводит объект с текстом ошибки" time="0.001">
    </testcase>
    <testcase classname="Валидация полей по схеме createValidate если поле не обязательное и отсутствует, выводится пустой объект" name="Валидация полей по схеме createValidate если поле не обязательное и отсутствует, выводится пустой объект" time="0.002">
    </testcase>
    <testcase classname="Валидация полей по схеме isEmptyInputValue должен считать значения пустыми" name="Валидация полей по схеме isEmptyInputValue должен считать значения пустыми" time="0.002">
    </testcase>
    <testcase classname="Валидация полей по схеме isEmptyInputValue не должен считать значения пустыми" name="Валидация полей по схеме isEmptyInputValue не должен считать значения пустыми" time="0.003">
    </testcase>
    <testcase classname="Валидация полей по схеме createValidator должен выдать ошибку, если не передан validate и strictValidate" name="Валидация полей по схеме createValidator должен выдать ошибку, если не передан validate и strictValidate" time="0.035">
    </testcase>
    <testcase classname="Валидация полей по схеме createValidator должен вызвать функцию сообщения об ошибке" name="Валидация полей по схеме createValidator должен вызвать функцию сообщения об ошибке" time="0.003">
    </testcase>
    <testcase classname="Валидация полей по схеме createValidator должен заменить дефолтную функцию сообщения об ошибке" name="Валидация полей по схеме createValidator должен заменить дефолтную функцию сообщения об ошибке" time="0.004">
    </testcase>
    <testcase classname="Валидация полей по схеме createValidator должен вызвать strictValidate, если передан validate" name="Валидация полей по схеме createValidator должен вызвать strictValidate, если передан validate" time="0.003">
    </testcase>
    <testcase classname="Валидация полей по схеме createValidator не должен вызывать validate, если поле пустое" name="Валидация полей по схеме createValidator не должен вызывать validate, если поле пустое" time="0.001">
    </testcase>
    <testcase classname="Валидация полей по схеме createValidator должен вызывать strictValidate, даже если поле пустое" name="Валидация полей по схеме createValidator должен вызывать strictValidate, даже если поле пустое" time="0.005">
    </testcase>
    <testcase classname="Валидация полей по схеме validators required" name="Валидация полей по схеме validators required" time="0.001">
    </testcase>
    <testcase classname="Валидация полей по схеме validators pattern" name="Валидация полей по схеме validators pattern" time="0">
    </testcase>
    <testcase classname="Валидация полей по схеме validators min" name="Валидация полей по схеме validators min" time="0.001">
    </testcase>
    <testcase classname="Валидация полей по схеме validators max" name="Валидация полей по схеме validators max" time="0.001">
    </testcase>
    <testcase classname="Валидация полей по схеме validators minLength" name="Валидация полей по схеме validators minLength" time="0.002">
    </testcase>
    <testcase classname="Валидация полей по схеме validators maxLength" name="Валидация полей по схеме validators maxLength" time="0.001">
    </testcase>
    <testcase classname="Валидация полей по схеме validators isNumber" name="Валидация полей по схеме validators isNumber" time="0.002">
    </testcase>
    <testcase classname="Регулярные выражения для валидации проверка регулярного выражения для email на корректность" name="Регулярные выражения для валидации проверка регулярного выражения для email на корректность" time="0.001">
    </testcase>
    <testcase classname="Регулярные выражения для валидации проверка регулярного выражения для email с плюсом на корректность" name="Регулярные выражения для валидации проверка регулярного выражения для email с плюсом на корректность" time="0">
    </testcase>
    <testcase classname="Регулярные выражения для валидации проверка регулярного выражения для email с дефисоминусом на корректность" name="Регулярные выражения для валидации проверка регулярного выражения для email с дефисоминусом на корректность" time="0.001">
    </testcase>
    <testcase classname="Регулярные выражения для валидации проверить поле email - некоректное значение" name="Регулярные выражения для валидации проверить поле email - некоректное значение" time="0">
    </testcase>
    <testcase classname="Регулярные выражения для валидации проверить поле email - символ @" name="Регулярные выражения для валидации проверить поле email - символ @" time="0.001">
    </testcase>
    <testcase classname="Регулярные выражения для валидации проверить поле email - отсутствует домен верхнего уровня" name="Регулярные выражения для валидации проверить поле email - отсутствует домен верхнего уровня" time="0">
    </testcase>
    <testcase classname="Регулярные выражения для валидации проверить поле email - корректное значение, проверка субдомена" name="Регулярные выражения для валидации проверить поле email - корректное значение, проверка субдомена" time="0">
    </testcase>
    <testcase classname="Регулярные выражения для валидации проверить поле email - отсутствует домен верхнего уровня" name="Регулярные выражения для валидации проверить поле email - отсутствует домен верхнего уровня" time="0.001">
    </testcase>
  </testsuite>
  <testsuite name="useBrowserTabActivity" errors="0" failures="0" skipped="0" timestamp="2021-06-09T10:24:19" time="1.963" tests="9">
    <testcase classname="useBrowserTabActivity срабатывание слушателей при изменении видимости таба при становлении таба видимым обработчики срабатывают в правильном порядке" name="useBrowserTabActivity срабатывание слушателей при изменении видимости таба при становлении таба видимым обработчики срабатывают в правильном порядке" time="0.065">
    </testcase>
    <testcase classname="useBrowserTabActivity срабатывание слушателей при изменении видимости таба при скрытии таба обработчики срабатывают в правильном порядке" name="useBrowserTabActivity срабатывание слушателей при изменении видимости таба при скрытии таба обработчики срабатывают в правильном порядке" time="0.012">
    </testcase>
    <testcase classname="useBrowserTabActivity срабатывание слушателей при изменении видимости таба при смене состояния таба вызывается onVisibilityChange с корректными аргументами" name="useBrowserTabActivity срабатывание слушателей при изменении видимости таба при смене состояния таба вызывается onVisibilityChange с корректными аргументами" time="0.014">
    </testcase>
    <testcase classname="useBrowserTabActivity срабатывание слушателей при изменении видимости таба при смене состояния таба вызывается onActivityChange с корректными аргументами" name="useBrowserTabActivity срабатывание слушателей при изменении видимости таба при смене состояния таба вызывается onActivityChange с корректными аргументами" time="0.006">
    </testcase>
    <testcase classname="useBrowserTabActivity срабатывание слушателей при событии focus при событии focus обработчики вызываются в правильном порядке" name="useBrowserTabActivity срабатывание слушателей при событии focus при событии focus обработчики вызываются в правильном порядке" time="0.006">
    </testcase>
    <testcase classname="useBrowserTabActivity срабатывание слушателей при событии focus при событии focus вызывается onActivityChange с корректными аргументами" name="useBrowserTabActivity срабатывание слушателей при событии focus при событии focus вызывается onActivityChange с корректными аргументами" time="0.006">
    </testcase>
    <testcase classname="useBrowserTabActivity срабатывание слушателей при событии blur при событии blur обработчики вызываются в правильном порядке" name="useBrowserTabActivity срабатывание слушателей при событии blur при событии blur обработчики вызываются в правильном порядке" time="0.007">
    </testcase>
    <testcase classname="useBrowserTabActivity срабатывание слушателей при событии blur при событии blur вызывается onActivityChange с корректными аргументами" name="useBrowserTabActivity срабатывание слушателей при событии blur при событии blur вызывается onActivityChange с корректными аргументами" time="0.006">
    </testcase>
    <testcase classname="useBrowserTabActivity функция-обозреватель вызывается при изменении состояния" name="useBrowserTabActivity функция-обозреватель вызывается при изменении состояния" time="0.007">
    </testcase>
  </testsuite>
  <testsuite name="hasNestedInteractiveTarget" errors="0" failures="0" skipped="0" timestamp="2021-06-09T10:24:20" time="1.835" tests="4">
    <testcase classname="hasNestedInteractiveTarget возвращает true если клик был по кнопке" name="hasNestedInteractiveTarget возвращает true если клик был по кнопке" time="0.09">
    </testcase>
    <testcase classname="hasNestedInteractiveTarget возвращает false если клик был по div" name="hasNestedInteractiveTarget возвращает false если клик был по div" time="0.013">
    </testcase>
    <testcase classname="hasNestedInteractiveTarget возвращает false если клик был по header" name="hasNestedInteractiveTarget возвращает false если клик был по header" time="0.018">
    </testcase>
    <testcase classname="hasNestedInteractiveTarget возвращает true если клик был по input" name="hasNestedInteractiveTarget возвращает true если клик был по input" time="0.016">
    </testcase>
  </testsuite>
  <testsuite name="App" errors="0" failures="0" skipped="0" timestamp="2021-06-09T10:24:19" time="3.626" tests="1">
    <testcase classname="App рендерится без ошибок" name="App рендерится без ошибок" time="0.039">
    </testcase>
  </testsuite>
  <testsuite name="AppView" errors="0" failures="1" skipped="0" timestamp="2021-06-09T10:23:19" time="63.204" tests="2">
    <testcase classname="AppView рендерится без ошибок" name="AppView рендерится без ошибок" time="0.05">
    </testcase>
    <testcase classname="AppView рендерится приложение" name="AppView рендерится приложение" time="1.418">
      <failure>Error: No more mocked responses for the query: query ProjectsTableList($includeBlank: Boolean!, $pageNumber: Int!, $pageSize: Int!, $orderBy: ProjectOrderByEnum, $sortBy: SortType, $searchQuery: String) {
  __typename
  projects: projectList(includeBlank: $includeBlank, pageNumber: $pageNumber, pageSize: $pageSize, orderBy: $orderBy, sortBy: $sortBy, searchQuery: $searchQuery) {
    ... on ProjectList {
      data: projectList {
        vid
        isFavorite
        name
        version
        description
        status
        attendees {
          user {
            name
            role
            __typename
          }
          roles {
            name
            __typename
          }
          __typename
        }
        region {
          name
          __typename
        }
        editedAt
        createdAt
        createdBy {
          name
          vid
          __typename
        }
        __typename
      }
      itemsTotal
      __typename
    }
    ... on Error {
      code
      message
      details
      __typename
    }
    __typename
  }
}
, variables: {&quot;pageNumber&quot;:1,&quot;pageSize&quot;:20,&quot;includeBlank&quot;:false,&quot;orderBy&quot;:&quot;EDITED_AT&quot;,&quot;sortBy&quot;:&quot;DESC&quot;,&quot;searchQuery&quot;:&quot;&quot;}
    at MockLink.request (C:\Lanit\vega-sp\node_modules\@apollo\client\utilities\testing\mocking\mockLink.js:87:20)
    at Object.execute (C:\Lanit\vega-sp\node_modules\@apollo\client\link\core\ApolloLink.js:69:14)
    at QueryManager.getObservableFromLink (C:\Lanit\vega-sp\node_modules\@apollo\client\core\QueryManager.js:423:25)
    at QueryManager.getResultsFromLink (C:\Lanit\vega-sp\node_modules\@apollo\client\core\QueryManager.js:461:30)
    at resultsFromLink (C:\Lanit\vega-sp\node_modules\@apollo\client\core\QueryManager.js:576:26)
    at QueryManager.fetchQueryByPolicy (C:\Lanit\vega-sp\node_modules\@apollo\client\core\QueryManager.js:619:25)
    at fromVariables (C:\Lanit\vega-sp\node_modules\@apollo\client\core\QueryManager.js:524:26)
    at QueryManager.fetchQueryObservable (C:\Lanit\vega-sp\node_modules\@apollo\client\core\QueryManager.js:531:15)
    at Reobserver.fetch (C:\Lanit\vega-sp\node_modules\@apollo\client\core\ObservableQuery.js:312:33)
    at Reobserver.reobserve (C:\Lanit\vega-sp\node_modules\@apollo\client\core\Reobserver.js:18:28)
    at ObservableQuery.reobserve (C:\Lanit\vega-sp\node_modules\@apollo\client\core\ObservableQuery.js:317:37)
    at ObservableQuery.setOptions (C:\Lanit\vega-sp\node_modules\@apollo\client\core\ObservableQuery.js:207:21)
    at QueryData.updateObservableQuery (C:\Lanit\vega-sp\node_modules\@apollo\client\react\data\data.cjs.js:615:30)
    at QueryData.execute (C:\Lanit\vega-sp\node_modules\@apollo\client\react\data\QueryData.js:204:10)
    at C:\Lanit\vega-sp\node_modules\@apollo\client\react\hooks\useMutation.js:17:16
    at useDeepMemo (C:\Lanit\vega-sp\node_modules\@apollo\client\react\hooks\utils\useBaseQuery.js:17:1)
    at useBaseQuery (C:\Lanit\vega-sp\node_modules\@apollo\client\react\hooks\useMutation.js:16:1)
    at Object.useQuery (C:\Lanit\vega-sp\node_modules\@apollo\client\react\hooks\hooks.cjs.js:158:10)
    at useProjectsTableList (C:\Lanit\vega-sp\src\pages\projects\__generated__\projects.tsx:127:23)
    at Component (C:\Lanit\vega-sp\src\pages\projects\ProjectsPage.tsx:41:76)
    at renderWithHooks (C:\Lanit\vega-sp\node_modules\react-dom\cjs\react-dom.development.js:14803:18)
    at updateFunctionComponent (C:\Lanit\vega-sp\node_modules\react-dom\cjs\react-dom.development.js:17034:20)
    at beginWork (C:\Lanit\vega-sp\node_modules\react-dom\cjs\react-dom.development.js:18610:16)
    at beginWork$1 (C:\Lanit\vega-sp\node_modules\react-dom\cjs\react-dom.development.js:23179:14)
    at performUnitOfWork (C:\Lanit\vega-sp\node_modules\react-dom\cjs\react-dom.development.js:22157:12)
    at workLoopSync (C:\Lanit\vega-sp\node_modules\react-dom\cjs\react-dom.development.js:22130:22)
    at callback (C:\Lanit\vega-sp\node_modules\react-dom\cjs\react-dom.development.js:21756:9)
    at C:\Lanit\vega-sp\node_modules\react-dom\cjs\react-dom.development.js:11089:24
    at Scheduler_runWithPriority (C:\Lanit\vega-sp\node_modules\scheduler\cjs\scheduler.development.js:663:16)
    at runWithPriority$1 (C:\Lanit\vega-sp\node_modules\react-dom\cjs\react-dom.development.js:11039:10)
    at flushSyncCallbackQueueImpl (C:\Lanit\vega-sp\node_modules\react-dom\cjs\react-dom.development.js:11084:7)
    at flushSyncCallbackQueue (C:\Lanit\vega-sp\node_modules\react-dom\cjs\react-dom.development.js:11072:3)
    at scheduleWork (C:\Lanit\vega-sp\node_modules\react-dom\cjs\react-dom.development.js:21199:9)
    at dispatchAction (C:\Lanit\vega-sp\node_modules\react-dom\cjs\react-dom.development.js:15660:5)
    at runNextTicks (internal/process/task_queues.js:62:5)
    at listOnTimeout (internal/timers.js:518:9)
    at processTimers (internal/timers.js:492:7)</failure>
    </testcase>
  </testsuite>
  <testsuite name="useDebouncedFunction" errors="0" failures="0" skipped="0" timestamp="2021-06-09T10:24:21" time="1.933" tests="3">
    <testcase classname="useDebouncedFunction функция срабатывает через заданное время" name="useDebouncedFunction функция срабатывает через заданное время" time="0.064">
    </testcase>
    <testcase classname="useDebouncedFunction функция не срабатывает после unmount" name="useDebouncedFunction функция не срабатывает после unmount" time="0.014">
    </testcase>
    <testcase classname="useDebouncedFunction срабатывает новая переданная функция" name="useDebouncedFunction срабатывает новая переданная функция" time="0.06">
    </testcase>
  </testsuite>
  <testsuite name="getPluralForm" errors="0" failures="0" skipped="0" timestamp="2021-06-09T10:24:21" time="1.572" tests="14">
    <testcase classname="getPluralForm параматры по умолчанию первая форма" name="getPluralForm параматры по умолчанию первая форма" time="0.003">
    </testcase>
    <testcase classname="getPluralForm параматры по умолчанию вторая форма" name="getPluralForm параматры по умолчанию вторая форма" time="0">
    </testcase>
    <testcase classname="getPluralForm параматры по умолчанию третья форма" name="getPluralForm параматры по умолчанию третья форма" time="0.001">
    </testcase>
    <testcase classname="getPluralForm параматры по умолчанию дробное значение, меньше 5" name="getPluralForm параматры по умолчанию дробное значение, меньше 5" time="0">
    </testcase>
    <testcase classname="getPluralForm параматры по умолчанию дробное значение, больше 5" name="getPluralForm параматры по умолчанию дробное значение, больше 5" time="0.001">
    </testcase>
    <testcase classname="getPluralForm параматры по умолчанию ноль" name="getPluralForm параматры по умолчанию ноль" time="0">
    </testcase>
    <testcase classname="getPluralForm параматры по умолчанию отрицательное значение" name="getPluralForm параматры по умолчанию отрицательное значение" time="0.001">
    </testcase>
    <testcase classname="getPluralForm параматры по умолчанию числовое значение не передано" name="getPluralForm параматры по умолчанию числовое значение не передано" time="0">
    </testcase>
    <testcase classname="getPluralForm параметры includeNumber и delimiter includeNumber = false и delimiter = undefined" name="getPluralForm параметры includeNumber и delimiter includeNumber = false и delimiter = undefined" time="0.001">
    </testcase>
    <testcase classname="getPluralForm параметры includeNumber и delimiter includeNumber = false и delimiter = &quot;-&quot;" name="getPluralForm параметры includeNumber и delimiter includeNumber = false и delimiter = &quot;-&quot;" time="0">
    </testcase>
    <testcase classname="getPluralForm параметры includeNumber и delimiter includeNumber = true и delimiter = undefined" name="getPluralForm параметры includeNumber и delimiter includeNumber = true и delimiter = undefined" time="0.001">
    </testcase>
    <testcase classname="getPluralForm параметры includeNumber и delimiter includeNumber = true и delimiter = &quot;-&quot;" name="getPluralForm параметры includeNumber и delimiter includeNumber = true и delimiter = &quot;-&quot;" time="0">
    </testcase>
    <testcase classname="getPluralForm параметр discardFractionalPart discardFractionalPart = true" name="getPluralForm параметр discardFractionalPart discardFractionalPart = true" time="0">
    </testcase>
    <testcase classname="getPluralForm параметр discardFractionalPart discardFractionalPart = false" name="getPluralForm параметр discardFractionalPart discardFractionalPart = false" time="0">
    </testcase>
  </testsuite>
  <testsuite name="PageLayout" errors="0" failures="0" skipped="0" timestamp="2021-06-09T10:24:22" time="1.538" tests="2">
    <testcase classname="PageLayout рендерится без ошибок" name="PageLayout рендерится без ошибок" time="0.024">
    </testcase>
    <testcase classname="PageLayout рендерится содержимое body" name="PageLayout рендерится содержимое body" time="0.01">
    </testcase>
  </testsuite>
  <testsuite name="ProjectsPage" errors="0" failures="9" skipped="1" timestamp="2021-06-09T10:23:19" time="64.075" tests="11">
    <testcase classname="ProjectsPage отрисовывается индикатор загрузки" name="ProjectsPage отрисовывается индикатор загрузки" time="0.268">
    </testcase>
    <testcase classname="ProjectsPage отрисовывается страница c данными" name="ProjectsPage отрисовывается страница c данными" time="1.104">
      <failure>Error: No more mocked responses for the query: query ProjectsTableList($includeBlank: Boolean!, $pageNumber: Int!, $pageSize: Int!, $orderBy: ProjectOrderByEnum, $sortBy: SortType, $searchQuery: String) {
  __typename
  projects: projectList(includeBlank: $includeBlank, pageNumber: $pageNumber, pageSize: $pageSize, orderBy: $orderBy, sortBy: $sortBy, searchQuery: $searchQuery) {
    ... on ProjectList {
      data: projectList {
        vid
        isFavorite
        name
        version
        description
        status
        attendees {
          user {
            name
            role
            __typename
          }
          roles {
            name
            __typename
          }
          __typename
        }
        region {
          name
          __typename
        }
        editedAt
        createdAt
        createdBy {
          name
          vid
          __typename
        }
        __typename
      }
      itemsTotal
      __typename
    }
    ... on Error {
      code
      message
      details
      __typename
    }
    __typename
  }
}
, variables: {&quot;pageNumber&quot;:1,&quot;pageSize&quot;:20,&quot;includeBlank&quot;:false,&quot;searchQuery&quot;:&quot;&quot;}
    at MockLink.request (C:\Lanit\vega-sp\node_modules\@apollo\client\utilities\testing\mocking\mockLink.js:87:20)
    at Object.execute (C:\Lanit\vega-sp\node_modules\@apollo\client\link\core\ApolloLink.js:69:14)
    at QueryManager.getObservableFromLink (C:\Lanit\vega-sp\node_modules\@apollo\client\core\QueryManager.js:423:25)
    at QueryManager.getResultsFromLink (C:\Lanit\vega-sp\node_modules\@apollo\client\core\QueryManager.js:461:30)
    at resultsFromLink (C:\Lanit\vega-sp\node_modules\@apollo\client\core\QueryManager.js:576:26)
    at QueryManager.fetchQueryByPolicy (C:\Lanit\vega-sp\node_modules\@apollo\client\core\QueryManager.js:619:25)
    at fromVariables (C:\Lanit\vega-sp\node_modules\@apollo\client\core\QueryManager.js:524:26)
    at QueryManager.fetchQueryObservable (C:\Lanit\vega-sp\node_modules\@apollo\client\core\QueryManager.js:531:15)
    at Reobserver.fetch (C:\Lanit\vega-sp\node_modules\@apollo\client\core\ObservableQuery.js:312:33)
    at Reobserver.reobserve (C:\Lanit\vega-sp\node_modules\@apollo\client\core\Reobserver.js:18:28)
    at ObservableQuery.reobserve (C:\Lanit\vega-sp\node_modules\@apollo\client\core\ObservableQuery.js:317:37)
    at ObservableQuery.onSubscribe (C:\Lanit\vega-sp\node_modules\@apollo\client\core\ObservableQuery.js:294:18)
    at C:\Lanit\vega-sp\node_modules\@apollo\client\core\ObservableQuery.js:13:26
    at new Subscription (C:\Lanit\vega-sp\node_modules\zen-observable\lib\Observable.js:215:34)
    at ObservableQuery.subscribe (C:\Lanit\vega-sp\node_modules\zen-observable\lib\Observable.js:293:14)
    at QueryData.startQuerySubscription (C:\Lanit\vega-sp\node_modules\@apollo\client\react\data\data.cjs.js:627:55)
    at QueryData.getExecuteResult (C:\Lanit\vega-sp\node_modules\@apollo\client\react\data\QueryData.js:268:10)
    at QueryData.execute (C:\Lanit\vega-sp\node_modules\@apollo\client\react\data\QueryData.js:206:47)
    at C:\Lanit\vega-sp\node_modules\@apollo\client\react\hooks\useMutation.js:17:16
    at useDeepMemo (C:\Lanit\vega-sp\node_modules\@apollo\client\react\hooks\utils\useBaseQuery.js:17:1)
    at useBaseQuery (C:\Lanit\vega-sp\node_modules\@apollo\client\react\hooks\useMutation.js:16:1)
    at Object.useQuery (C:\Lanit\vega-sp\node_modules\@apollo\client\react\hooks\hooks.cjs.js:158:10)
    at useProjectsTableList (C:\Lanit\vega-sp\src\pages\projects\__generated__\projects.tsx:127:23)
    at Component (C:\Lanit\vega-sp\src\pages\projects\ProjectsPage.tsx:41:76)
    at renderWithHooks (C:\Lanit\vega-sp\node_modules\react-dom\cjs\react-dom.development.js:14803:18)
    at mountIndeterminateComponent (C:\Lanit\vega-sp\node_modules\react-dom\cjs\react-dom.development.js:17482:13)
    at beginWork (C:\Lanit\vega-sp\node_modules\react-dom\cjs\react-dom.development.js:18596:16)
    at beginWork$1 (C:\Lanit\vega-sp\node_modules\react-dom\cjs\react-dom.development.js:23179:14)
    at performUnitOfWork (C:\Lanit\vega-sp\node_modules\react-dom\cjs\react-dom.development.js:22157:12)
    at workLoopSync (C:\Lanit\vega-sp\node_modules\react-dom\cjs\react-dom.development.js:22130:22)
    at performSyncWorkOnRoot (C:\Lanit\vega-sp\node_modules\react-dom\cjs\react-dom.development.js:21756:9)
    at scheduleWork (C:\Lanit\vega-sp\node_modules\react-dom\cjs\react-dom.development.js:21188:7)
    at updateContainer (C:\Lanit\vega-sp\node_modules\react-dom\cjs\react-dom.development.js:24373:3)
    at fn (C:\Lanit\vega-sp\node_modules\react-dom\cjs\react-dom.development.js:24758:7)
    at unbatchedUpdates (C:\Lanit\vega-sp\node_modules\react-dom\cjs\react-dom.development.js:21903:12)
    at legacyRenderSubtreeIntoContainer (C:\Lanit\vega-sp\node_modules\react-dom\cjs\react-dom.development.js:24757:5)
    at Object.render (C:\Lanit\vega-sp\node_modules\react-dom\cjs\react-dom.development.js:24840:10)
    at fn (C:\Lanit\vega-sp\node_modules\@testing-library\react\dist\pure.js:100:25)
    at batchedUpdates (C:\Lanit\vega-sp\node_modules\react-dom\cjs\react-dom.development.js:21856:12)
    at act (C:\Lanit\vega-sp\node_modules\react-dom\cjs\react-dom-test-utils.development.js:929:14)
    at render (C:\Lanit\vega-sp\node_modules\@testing-library\react\dist\pure.js:96:3)
    at render (C:\Lanit\vega-sp\src\testing\react-testing-library.tsx:94:8)
    at call (C:\Lanit\vega-sp\src\pages\projects\ProjectsPage.test.tsx:30:11)
    at tryCatch (C:\Lanit\vega-sp\node_modules\regenerator-runtime\runtime.js:63:40)
    at Generator._invoke (C:\Lanit\vega-sp\node_modules\regenerator-runtime\runtime.js:293:22)
    at Generator.next (C:\Lanit\vega-sp\node_modules\regenerator-runtime\runtime.js:118:21)
    at asyncGeneratorStep (C:\Lanit\vega-sp\node_modules\@babel\runtime\helpers\asyncToGenerator.js:3:16)
    at _next (C:\Lanit\vega-sp\node_modules\@babel\runtime\helpers\asyncToGenerator.js:25:9)
    at C:\Lanit\vega-sp\node_modules\@babel\runtime\helpers\asyncToGenerator.js:32:7
    at new Promise (&lt;anonymous&gt;)
    at Object.&lt;anonymous&gt; (C:\Lanit\vega-sp\node_modules\@babel\runtime\helpers\asyncToGenerator.js:21:12)
    at Object.asyncJestTest (C:\Lanit\vega-sp\node_modules\jest-jasmine2\build\jasmineAsyncInstall.js:100:37)
    at C:\Lanit\vega-sp\node_modules\jest-jasmine2\build\queueRunner.js:47:12
    at new Promise (&lt;anonymous&gt;)
    at mapper (C:\Lanit\vega-sp\node_modules\jest-jasmine2\build\queueRunner.js:30:19)
    at C:\Lanit\vega-sp\node_modules\jest-jasmine2\build\queueRunner.js:77:41
    at processTicksAndRejections (internal/process/task_queues.js:97:5)</failure>
    </testcase>
    <testcase classname="ProjectsPage проект помечается избранным" name="ProjectsPage проект помечается избранным" time="0.507">
      <failure>Error: No more mocked responses for the query: query ProjectsTableList($includeBlank: Boolean!, $pageNumber: Int!, $pageSize: Int!, $orderBy: ProjectOrderByEnum, $sortBy: SortType, $searchQuery: String) {
  __typename
  projects: projectList(includeBlank: $includeBlank, pageNumber: $pageNumber, pageSize: $pageSize, orderBy: $orderBy, sortBy: $sortBy, searchQuery: $searchQuery) {
    ... on ProjectList {
      data: projectList {
        vid
        isFavorite
        name
        version
        description
        status
        attendees {
          user {
            name
            role
            __typename
          }
          roles {
            name
            __typename
          }
          __typename
        }
        region {
          name
          __typename
        }
        editedAt
        createdAt
        createdBy {
          name
          vid
          __typename
        }
        __typename
      }
      itemsTotal
      __typename
    }
    ... on Error {
      code
      message
      details
      __typename
    }
    __typename
  }
}
, variables: {&quot;pageNumber&quot;:1,&quot;pageSize&quot;:20,&quot;includeBlank&quot;:false,&quot;orderBy&quot;:&quot;EDITED_AT&quot;,&quot;sortBy&quot;:&quot;DESC&quot;,&quot;searchQuery&quot;:&quot;&quot;}
    at MockLink.request (C:\Lanit\vega-sp\node_modules\@apollo\client\utilities\testing\mocking\mockLink.js:87:20)
    at Object.execute (C:\Lanit\vega-sp\node_modules\@apollo\client\link\core\ApolloLink.js:69:14)
    at QueryManager.getObservableFromLink (C:\Lanit\vega-sp\node_modules\@apollo\client\core\QueryManager.js:423:25)
    at QueryManager.getResultsFromLink (C:\Lanit\vega-sp\node_modules\@apollo\client\core\QueryManager.js:461:30)
    at resultsFromLink (C:\Lanit\vega-sp\node_modules\@apollo\client\core\QueryManager.js:576:26)
    at QueryManager.fetchQueryByPolicy (C:\Lanit\vega-sp\node_modules\@apollo\client\core\QueryManager.js:619:25)
    at fromVariables (C:\Lanit\vega-sp\node_modules\@apollo\client\core\QueryManager.js:524:26)
    at QueryManager.fetchQueryObservable (C:\Lanit\vega-sp\node_modules\@apollo\client\core\QueryManager.js:531:15)
    at Reobserver.fetch (C:\Lanit\vega-sp\node_modules\@apollo\client\core\ObservableQuery.js:312:33)
    at Reobserver.reobserve (C:\Lanit\vega-sp\node_modules\@apollo\client\core\Reobserver.js:18:28)
    at ObservableQuery.reobserve (C:\Lanit\vega-sp\node_modules\@apollo\client\core\ObservableQuery.js:317:37)
    at ObservableQuery.setOptions (C:\Lanit\vega-sp\node_modules\@apollo\client\core\ObservableQuery.js:207:21)
    at QueryData.updateObservableQuery (C:\Lanit\vega-sp\node_modules\@apollo\client\react\data\data.cjs.js:615:30)
    at QueryData.execute (C:\Lanit\vega-sp\node_modules\@apollo\client\react\data\QueryData.js:204:10)
    at C:\Lanit\vega-sp\node_modules\@apollo\client\react\hooks\useMutation.js:17:16
    at useDeepMemo (C:\Lanit\vega-sp\node_modules\@apollo\client\react\hooks\utils\useBaseQuery.js:17:1)
    at useBaseQuery (C:\Lanit\vega-sp\node_modules\@apollo\client\react\hooks\useMutation.js:16:1)
    at Object.useQuery (C:\Lanit\vega-sp\node_modules\@apollo\client\react\hooks\hooks.cjs.js:158:10)
    at useProjectsTableList (C:\Lanit\vega-sp\src\pages\projects\__generated__\projects.tsx:127:23)
    at Component (C:\Lanit\vega-sp\src\pages\projects\ProjectsPage.tsx:41:76)
    at renderWithHooks (C:\Lanit\vega-sp\node_modules\react-dom\cjs\react-dom.development.js:14803:18)
    at updateFunctionComponent (C:\Lanit\vega-sp\node_modules\react-dom\cjs\react-dom.development.js:17034:20)
    at beginWork (C:\Lanit\vega-sp\node_modules\react-dom\cjs\react-dom.development.js:18610:16)
    at beginWork$1 (C:\Lanit\vega-sp\node_modules\react-dom\cjs\react-dom.development.js:23179:14)
    at performUnitOfWork (C:\Lanit\vega-sp\node_modules\react-dom\cjs\react-dom.development.js:22157:12)
    at workLoopSync (C:\Lanit\vega-sp\node_modules\react-dom\cjs\react-dom.development.js:22130:22)
    at callback (C:\Lanit\vega-sp\node_modules\react-dom\cjs\react-dom.development.js:21756:9)
    at C:\Lanit\vega-sp\node_modules\react-dom\cjs\react-dom.development.js:11089:24
    at Scheduler_runWithPriority (C:\Lanit\vega-sp\node_modules\scheduler\cjs\scheduler.development.js:663:16)
    at runWithPriority$1 (C:\Lanit\vega-sp\node_modules\react-dom\cjs\react-dom.development.js:11039:10)
    at flushSyncCallbackQueueImpl (C:\Lanit\vega-sp\node_modules\react-dom\cjs\react-dom.development.js:11084:7)
    at flushSyncCallbackQueue (C:\Lanit\vega-sp\node_modules\react-dom\cjs\react-dom.development.js:11072:3)
    at scheduleWork (C:\Lanit\vega-sp\node_modules\react-dom\cjs\react-dom.development.js:21199:9)
    at dispatchAction (C:\Lanit\vega-sp\node_modules\react-dom\cjs\react-dom.development.js:15660:5)</failure>
    </testcase>
    <testcase classname="ProjectsPage обрабатывается ошибка при добавление в избранное" name="ProjectsPage обрабатывается ошибка при добавление в избранное" time="0.037">
      <failure>Error: No more mocked responses for the query: query ProjectsTableList($includeBlank: Boolean!, $pageNumber: Int!, $pageSize: Int!, $orderBy: ProjectOrderByEnum, $sortBy: SortType, $searchQuery: String) {
  __typename
  projects: projectList(includeBlank: $includeBlank, pageNumber: $pageNumber, pageSize: $pageSize, orderBy: $orderBy, sortBy: $sortBy, searchQuery: $searchQuery) {
    ... on ProjectList {
      data: projectList {
        vid
        isFavorite
        name
        version
        description
        status
        attendees {
          user {
            name
            role
            __typename
          }
          roles {
            name
            __typename
          }
          __typename
        }
        region {
          name
          __typename
        }
        editedAt
        createdAt
        createdBy {
          name
          vid
          __typename
        }
        __typename
      }
      itemsTotal
      __typename
    }
    ... on Error {
      code
      message
      details
      __typename
    }
    __typename
  }
}
, variables: {&quot;pageNumber&quot;:1,&quot;pageSize&quot;:20,&quot;includeBlank&quot;:false,&quot;searchQuery&quot;:&quot;&quot;}
    at MockLink.request (C:\Lanit\vega-sp\node_modules\@apollo\client\utilities\testing\mocking\mockLink.js:87:20)
    at Object.execute (C:\Lanit\vega-sp\node_modules\@apollo\client\link\core\ApolloLink.js:69:14)
    at QueryManager.getObservableFromLink (C:\Lanit\vega-sp\node_modules\@apollo\client\core\QueryManager.js:423:25)
    at QueryManager.getResultsFromLink (C:\Lanit\vega-sp\node_modules\@apollo\client\core\QueryManager.js:461:30)
    at resultsFromLink (C:\Lanit\vega-sp\node_modules\@apollo\client\core\QueryManager.js:576:26)
    at QueryManager.fetchQueryByPolicy (C:\Lanit\vega-sp\node_modules\@apollo\client\core\QueryManager.js:619:25)
    at fromVariables (C:\Lanit\vega-sp\node_modules\@apollo\client\core\QueryManager.js:524:26)
    at QueryManager.fetchQueryObservable (C:\Lanit\vega-sp\node_modules\@apollo\client\core\QueryManager.js:531:15)
    at Reobserver.fetch (C:\Lanit\vega-sp\node_modules\@apollo\client\core\ObservableQuery.js:312:33)
    at Reobserver.reobserve (C:\Lanit\vega-sp\node_modules\@apollo\client\core\Reobserver.js:18:28)
    at ObservableQuery.reobserve (C:\Lanit\vega-sp\node_modules\@apollo\client\core\ObservableQuery.js:317:37)
    at ObservableQuery.onSubscribe (C:\Lanit\vega-sp\node_modules\@apollo\client\core\ObservableQuery.js:294:18)
    at C:\Lanit\vega-sp\node_modules\@apollo\client\core\ObservableQuery.js:13:26
    at new Subscription (C:\Lanit\vega-sp\node_modules\zen-observable\lib\Observable.js:215:34)
    at ObservableQuery.subscribe (C:\Lanit\vega-sp\node_modules\zen-observable\lib\Observable.js:293:14)
    at QueryData.startQuerySubscription (C:\Lanit\vega-sp\node_modules\@apollo\client\react\data\data.cjs.js:627:55)
    at QueryData.getExecuteResult (C:\Lanit\vega-sp\node_modules\@apollo\client\react\data\QueryData.js:268:10)
    at QueryData.execute (C:\Lanit\vega-sp\node_modules\@apollo\client\react\data\QueryData.js:206:47)
    at C:\Lanit\vega-sp\node_modules\@apollo\client\react\hooks\useMutation.js:17:16
    at useDeepMemo (C:\Lanit\vega-sp\node_modules\@apollo\client\react\hooks\utils\useBaseQuery.js:17:1)
    at useBaseQuery (C:\Lanit\vega-sp\node_modules\@apollo\client\react\hooks\useMutation.js:16:1)
    at Object.useQuery (C:\Lanit\vega-sp\node_modules\@apollo\client\react\hooks\hooks.cjs.js:158:10)
    at useProjectsTableList (C:\Lanit\vega-sp\src\pages\projects\__generated__\projects.tsx:127:23)
    at Component (C:\Lanit\vega-sp\src\pages\projects\ProjectsPage.tsx:41:76)
    at renderWithHooks (C:\Lanit\vega-sp\node_modules\react-dom\cjs\react-dom.development.js:14803:18)
    at mountIndeterminateComponent (C:\Lanit\vega-sp\node_modules\react-dom\cjs\react-dom.development.js:17482:13)
    at beginWork (C:\Lanit\vega-sp\node_modules\react-dom\cjs\react-dom.development.js:18596:16)
    at beginWork$1 (C:\Lanit\vega-sp\node_modules\react-dom\cjs\react-dom.development.js:23179:14)
    at performUnitOfWork (C:\Lanit\vega-sp\node_modules\react-dom\cjs\react-dom.development.js:22157:12)
    at workLoopSync (C:\Lanit\vega-sp\node_modules\react-dom\cjs\react-dom.development.js:22130:22)
    at performSyncWorkOnRoot (C:\Lanit\vega-sp\node_modules\react-dom\cjs\react-dom.development.js:21756:9)
    at scheduleWork (C:\Lanit\vega-sp\node_modules\react-dom\cjs\react-dom.development.js:21188:7)
    at updateContainer (C:\Lanit\vega-sp\node_modules\react-dom\cjs\react-dom.development.js:24373:3)
    at fn (C:\Lanit\vega-sp\node_modules\react-dom\cjs\react-dom.development.js:24758:7)
    at unbatchedUpdates (C:\Lanit\vega-sp\node_modules\react-dom\cjs\react-dom.development.js:21903:12)
    at legacyRenderSubtreeIntoContainer (C:\Lanit\vega-sp\node_modules\react-dom\cjs\react-dom.development.js:24757:5)
    at Object.render (C:\Lanit\vega-sp\node_modules\react-dom\cjs\react-dom.development.js:24840:10)
    at fn (C:\Lanit\vega-sp\node_modules\@testing-library\react\dist\pure.js:100:25)
    at batchedUpdates (C:\Lanit\vega-sp\node_modules\react-dom\cjs\react-dom.development.js:21856:12)
    at act (C:\Lanit\vega-sp\node_modules\react-dom\cjs\react-dom-test-utils.development.js:929:14)
    at render (C:\Lanit\vega-sp\node_modules\@testing-library\react\dist\pure.js:96:3)
    at render (C:\Lanit\vega-sp\src\testing\react-testing-library.tsx:94:8)
    at call (C:\Lanit\vega-sp\src\pages\projects\ProjectsPage.test.tsx:39:11)
    at tryCatch (C:\Lanit\vega-sp\node_modules\regenerator-runtime\runtime.js:63:40)
    at Generator._invoke (C:\Lanit\vega-sp\node_modules\regenerator-runtime\runtime.js:293:22)
    at Generator.next (C:\Lanit\vega-sp\node_modules\regenerator-runtime\runtime.js:118:21)
    at asyncGeneratorStep (C:\Lanit\vega-sp\node_modules\@babel\runtime\helpers\asyncToGenerator.js:3:16)
    at _next (C:\Lanit\vega-sp\node_modules\@babel\runtime\helpers\asyncToGenerator.js:25:9)
    at C:\Lanit\vega-sp\node_modules\@babel\runtime\helpers\asyncToGenerator.js:32:7
    at new Promise (&lt;anonymous&gt;)
    at Object.&lt;anonymous&gt; (C:\Lanit\vega-sp\node_modules\@babel\runtime\helpers\asyncToGenerator.js:21:12)
    at Object.asyncJestTest (C:\Lanit\vega-sp\node_modules\jest-jasmine2\build\jasmineAsyncInstall.js:100:37)
    at C:\Lanit\vega-sp\node_modules\jest-jasmine2\build\queueRunner.js:47:12
    at new Promise (&lt;anonymous&gt;)
    at mapper (C:\Lanit\vega-sp\node_modules\jest-jasmine2\build\queueRunner.js:30:19)
    at C:\Lanit\vega-sp\node_modules\jest-jasmine2\build\queueRunner.js:77:41</failure>
    </testcase>
    <testcase classname="ProjectsPage проект удаляется" name="ProjectsPage проект удаляется" time="0.141">
      <failure>TestingLibraryElementError: Found multiple elements by: [data-testid=&quot;ProjectsPage:root:title&quot;]

(If this is intentional, then use the `*AllBy*` variant of the query (like `queryAllByText`, `getAllByText`, or `findAllByText`)).

&lt;body
  style=&quot;--scrollBarWidth: 0;&quot;
&gt;
  &lt;div /&gt;
  &lt;div&gt;
    &lt;div
      class=&quot;VegaProjectsPage&quot;
      data-testid=&quot;ProjectsPage:root&quot;
    &gt;
      &lt;div
        class=&quot;VegaProjectsPage__Container&quot;
      &gt;
        &lt;div
          class=&quot;VegaProjectsPage__Header&quot;
        &gt;
          &lt;div
            class=&quot;VegaProjectsPage__Heading&quot;
          &gt;
            &lt;h1
              class=&quot;Text Text_size_3xl Text_view_primary Text_weight_bold VegaProjectsPage__Title&quot;
              data-testid=&quot;ProjectsPage:root:title&quot;
            &gt;
              Проекты
            &lt;/h1&gt;
          &lt;/div&gt;
          &lt;div
            class=&quot;VegaProjectsPage__RightBlock&quot;
          &gt;
            &lt;div
              class=&quot;VegaProjectsPage__LinkBlock&quot;
            &gt;
              &lt;a
                data-testid=&quot;ProjectsPage:link:create&quot;
                href=&quot;/projects/create&quot;
              &gt;
                &lt;button
                  class=&quot;Button Button_size_s Button_view_primary Button_width_default Button_form_default MixFocus&quot;
                &gt;
                  Создать новый проект
                &lt;/button&gt;
              &lt;/a&gt;
            &lt;/div&gt;
            &lt;div
              class=&quot;VegaProjectsPage__TextFieldBlock&quot;
            &gt;
              &lt;div
                class=&quot;TextField TextField_size_s TextField_view_default TextField_form_default TextField_width_default TextField_type_input&quot;
              &gt;
                &lt;div
                  class=&quot;TextField-Side TextField-Side_position_left TextField-Side_type_icon&quot;
                &gt;
                  &lt;span
                    class=&quot;Icon Icon_size_s IconSearch TextField-Icon&quot;
                  &gt;
                    &lt;svg
                      class=&quot;Icon-Svg&quot;
                      viewBox=&quot;0 0 16 16&quot;
                    &gt;
                      &lt;path
                        clip-rule=&quot;evenodd&quot;
                        d=&quot;M9.618 11.032a5.5 5.5 0 111.414-1.414l3.97 3.969L13.586 15l-3.97-3.97zM10 6.5a3.5 3.5 0 11-7 0 3.5 3.5 0 017 0z&quot;
                        fill-rule=&quot;evenodd&quot;
                      /&gt;
                    &lt;/svg&gt;
                  &lt;/span&gt;
                &lt;/div&gt;
                &lt;input
                  class=&quot;TextField-Input&quot;
                  id=&quot;&quot;
                  placeholder=&quot;Введите название проекта или имя автора&quot;
                  type=&quot;input&quot;
                  value=&quot;&quot;
                /&gt;
              &lt;/div&gt;
            &lt;/div&gt;
          &lt;/div&gt;
        &lt;/div&gt;
        &lt;div
          class=&quot;VegaProjectsPage__Loader&quot;
          data-testid=&quot;ProjectsPage:loader&quot;
        &gt;
          &lt;div
            class=&quot;Loader Loader_size_m&quot;
          &gt;
            &lt;div
              class=&quot;Loader-Dot&quot;
            /&gt;
          &lt;/div&gt;
        &lt;/div&gt;
      &lt;/div&gt;
    &lt;/div&gt;
  &lt;/div&gt;
  &lt;div&gt;
    &lt;div
      class=&quot;VegaProjectsPage&quot;
      data-testid=&quot;ProjectsPage:root&quot;
    &gt;
      &lt;div
        class=&quot;VegaProjectsPage__Container&quot;
      &gt;
        &lt;div
          class=&quot;VegaProjectsPage__Header&quot;
        &gt;
          &lt;div
            class=&quot;VegaProjectsPage__Heading&quot;
          &gt;
            &lt;h1
              class=&quot;Text Text_size_3xl Text_view_primary Text_weight_bold VegaProjectsPage__Title&quot;
              data-testid=&quot;ProjectsPage:root:title&quot;
            &gt;
              Проекты
            &lt;/h1&gt;
          &lt;/div&gt;
          &lt;div
            class=&quot;VegaProjectsPage__RightBlock&quot;
          &gt;
            &lt;div
              class=&quot;VegaProjectsPage__LinkBlock&quot;
            &gt;
              &lt;a
                data-testid=&quot;ProjectsPage:link:create&quot;
                href=&quot;/projects/create&quot;
              &gt;
                &lt;button
                  class=&quot;Button Button_size_s Button_view_primary Button_width_default Button_form_default MixFocus&quot;
                &gt;
                  Создать новый проект
                &lt;/button&gt;
              &lt;/a&gt;
            &lt;/div&gt;
            &lt;div
              class=&quot;VegaProjectsPage__TextFieldBlock&quot;
            &gt;
              &lt;div
                class=&quot;TextField TextField_size_s TextField_view_default TextField_form_default TextField_width_default TextField_type_input&quot;
              &gt;
                &lt;div
                  class=&quot;TextField-Side TextField-Side_position_left TextField-Side_type_icon&quot;
                &gt;
                  &lt;span
                    class=&quot;Icon Icon_size_s IconSearch TextField-Icon&quot;
                  &gt;
                    &lt;svg
                      class=&quot;Icon-Svg&quot;
                      viewBox=&quot;0 0 16 16&quot;
                    &gt;
                      &lt;path
                        clip-rule=&quot;evenodd&quot;
                        d=&quot;M9.618 11.032a5.5 5.5 0 111.414-1.414l3.97 3.969L13.586 15l-3.97-3.97zM10 6.5a3.5 3.5 0 11-7 0 3.5 3.5 0 017 0z&quot;
                        fill-rule=&quot;evenodd&quot;
                      /&gt;
                    &lt;/svg&gt;
                  &lt;/span&gt;
                &lt;/div&gt;
                &lt;input
                  class=&quot;TextField-Input&quot;
                  id=&quot;&quot;
                  placeholder=&quot;Введите название проекта или имя автора&quot;
                  type=&quot;input&quot;
                  value=&quot;&quot;
                /&gt;
              &lt;/div&gt;
            &lt;/div&gt;
          &lt;/div&gt;
        &lt;/div&gt;
        &lt;div
          class=&quot;VegaProjectsPage__Loader&quot;
          data-testid=&quot;ProjectsPage:loader&quot;
        &gt;
          &lt;div
            class=&quot;Loader Loader_size_m&quot;
          &gt;
            &lt;div
              class=&quot;Loader-Dot&quot;
            /&gt;
          &lt;/div&gt;
        &lt;/div&gt;
      &lt;/div&gt;
    &lt;/div&gt;
  &lt;/div&gt;
  &lt;div&gt;
    &lt;div
      class=&quot;VegaProjectsPage&quot;
      data-testid=&quot;ProjectsPage:root&quot;
    &gt;
      &lt;div
        class=&quot;VegaProjectsPage__Container&quot;
      &gt;
        &lt;div
          class=&quot;VegaProjectsPage__Header&quot;
        &gt;
          &lt;div
            class=&quot;VegaProjectsPage__Heading&quot;
          &gt;
            &lt;h1
              class=&quot;Text Text_size_3xl Text_view_primary Text_weight_bold VegaProjectsPage__Title&quot;
              data-testid=&quot;ProjectsPage:root:title&quot;
            &gt;
              Проекты
            &lt;/h1&gt;
          &lt;/div&gt;
          &lt;div
            class=&quot;VegaProjectsPage__RightBlock&quot;
          &gt;
            &lt;div
              class=&quot;VegaProjectsPage__LinkBlock&quot;
            &gt;
              &lt;a
                data-testid=&quot;ProjectsPage:link:create&quot;
                href=&quot;/projects/create&quot;
              &gt;
                &lt;button
                  class=&quot;Button Button_size_s Button_view_primary Button_width_default Button_form_default MixFocus&quot;
                &gt;
                  Создать новый проект
                &lt;/button&gt;
              &lt;/a&gt;
            &lt;/div&gt;
            &lt;div
              class=&quot;VegaProjectsPage__TextFieldBlock&quot;
            &gt;
              &lt;div
                class=&quot;TextField TextField_size_s TextField_view_default TextField_form_default TextField_width_default TextField_type_input&quot;
              &gt;
                &lt;div
                  class=&quot;TextField-Side TextField-Side_position_left TextField-Side_type_icon&quot;
                &gt;
                  &lt;span
                    class=&quot;Icon Icon_size_s IconSearch TextField-Icon&quot;
                  &gt;
                    &lt;svg
                      class=&quot;Icon-Svg&quot;
                      viewBox=&quot;0 0 16 16&quot;
                    &gt;
                      &lt;path
                        clip-rule=&quot;evenodd&quot;
                        d=&quot;M9.618 11.032a5.5 5.5 0 111.414-1.414l3.97 3.969L13.586 15l-3.97-3.97zM10 6.5a3.5 3.5 0 11-7 0 3.5 3.5 0 017 0z&quot;
                        fill-rule=&quot;evenodd&quot;
                      /&gt;
                    &lt;/svg&gt;
                  &lt;/span&gt;
                &lt;/div&gt;
                &lt;input
                  class=&quot;TextField-Input&quot;
                  id=&quot;&quot;
                  placeholder=&quot;Введите название проекта или имя автора&quot;
                  type=&quot;input&quot;
                  value=&quot;&quot;
                /&gt;
              &lt;/div&gt;
            &lt;/div&gt;
          &lt;/div&gt;
        &lt;/div&gt;
        &lt;div
          class=&quot;VegaProjectsPage__Loader&quot;
          data-testid=&quot;ProjectsPage:loader&quot;
        &gt;
          &lt;div
            class=&quot;Loader Loader_size_m&quot;
          &gt;
            &lt;div
              class=&quot;Loader-Dot&quot;
            /&gt;
          &lt;/div&gt;
        &lt;/div&gt;
      &lt;/div&gt;
    &lt;/div&gt;
  &lt;/div&gt;
&lt;/body&gt;
    at Object.getElementError (C:\Lanit\vega-sp\node_modules\@testing-library\dom\dist\config.js:37:19)
    at getElementError (C:\Lanit\vega-sp\node_modules\@testing-library\dom\dist\query-helpers.js:25:35)
    at getMultipleElementsFoundError (C:\Lanit\vega-sp\node_modules\@testing-library\dom\dist\query-helpers.js:29:10)
    at C:\Lanit\vega-sp\node_modules\@testing-library\dom\dist\query-helpers.js:65:13
    at getByTestId (C:\Lanit\vega-sp\node_modules\@testing-library\dom\dist\query-helpers.js:101:24)
    at call (C:\Lanit\vega-sp\src\pages\projects\ProjectsPage.test.tsx:45:19)
    at tryCatch (C:\Lanit\vega-sp\node_modules\regenerator-runtime\runtime.js:63:40)
    at Generator._invoke (C:\Lanit\vega-sp\node_modules\regenerator-runtime\runtime.js:293:22)
    at Generator.next (C:\Lanit\vega-sp\node_modules\regenerator-runtime\runtime.js:118:21)
    at asyncGeneratorStep (C:\Lanit\vega-sp\node_modules\@babel\runtime\helpers\asyncToGenerator.js:3:16)
    at _next (C:\Lanit\vega-sp\node_modules\@babel\runtime\helpers\asyncToGenerator.js:25:9)
    at runNextTicks (internal/process/task_queues.js:62:5)
    at listOnTimeout (internal/timers.js:518:9)
    at processTimers (internal/timers.js:492:7)</failure>
      <failure>Error: No more mocked responses for the query: query ProjectsTableList($includeBlank: Boolean!, $pageNumber: Int!, $pageSize: Int!, $orderBy: ProjectOrderByEnum, $sortBy: SortType, $searchQuery: String) {
  __typename
  projects: projectList(includeBlank: $includeBlank, pageNumber: $pageNumber, pageSize: $pageSize, orderBy: $orderBy, sortBy: $sortBy, searchQuery: $searchQuery) {
    ... on ProjectList {
      data: projectList {
        vid
        isFavorite
        name
        version
        description
        status
        attendees {
          user {
            name
            role
            __typename
          }
          roles {
            name
            __typename
          }
          __typename
        }
        region {
          name
          __typename
        }
        editedAt
        createdAt
        createdBy {
          name
          vid
          __typename
        }
        __typename
      }
      itemsTotal
      __typename
    }
    ... on Error {
      code
      message
      details
      __typename
    }
    __typename
  }
}
, variables: {&quot;pageNumber&quot;:1,&quot;pageSize&quot;:20,&quot;includeBlank&quot;:false,&quot;orderBy&quot;:&quot;EDITED_AT&quot;,&quot;sortBy&quot;:&quot;DESC&quot;,&quot;searchQuery&quot;:&quot;&quot;}
    at MockLink.request (C:\Lanit\vega-sp\node_modules\@apollo\client\utilities\testing\mocking\mockLink.js:87:20)
    at Object.execute (C:\Lanit\vega-sp\node_modules\@apollo\client\link\core\ApolloLink.js:69:14)
    at QueryManager.getObservableFromLink (C:\Lanit\vega-sp\node_modules\@apollo\client\core\QueryManager.js:423:25)
    at QueryManager.getResultsFromLink (C:\Lanit\vega-sp\node_modules\@apollo\client\core\QueryManager.js:461:30)
    at resultsFromLink (C:\Lanit\vega-sp\node_modules\@apollo\client\core\QueryManager.js:576:26)
    at QueryManager.fetchQueryByPolicy (C:\Lanit\vega-sp\node_modules\@apollo\client\core\QueryManager.js:619:25)
    at fromVariables (C:\Lanit\vega-sp\node_modules\@apollo\client\core\QueryManager.js:524:26)
    at QueryManager.fetchQueryObservable (C:\Lanit\vega-sp\node_modules\@apollo\client\core\QueryManager.js:531:15)
    at Reobserver.fetch (C:\Lanit\vega-sp\node_modules\@apollo\client\core\ObservableQuery.js:312:33)
    at Reobserver.reobserve (C:\Lanit\vega-sp\node_modules\@apollo\client\core\Reobserver.js:18:28)
    at ObservableQuery.reobserve (C:\Lanit\vega-sp\node_modules\@apollo\client\core\ObservableQuery.js:317:37)
    at ObservableQuery.setOptions (C:\Lanit\vega-sp\node_modules\@apollo\client\core\ObservableQuery.js:207:21)
    at QueryData.updateObservableQuery (C:\Lanit\vega-sp\node_modules\@apollo\client\react\data\data.cjs.js:615:30)
    at QueryData.execute (C:\Lanit\vega-sp\node_modules\@apollo\client\react\data\QueryData.js:204:10)
    at C:\Lanit\vega-sp\node_modules\@apollo\client\react\hooks\useMutation.js:17:16
    at useDeepMemo (C:\Lanit\vega-sp\node_modules\@apollo\client\react\hooks\utils\useBaseQuery.js:17:1)
    at useBaseQuery (C:\Lanit\vega-sp\node_modules\@apollo\client\react\hooks\useMutation.js:16:1)
    at Object.useQuery (C:\Lanit\vega-sp\node_modules\@apollo\client\react\hooks\hooks.cjs.js:158:10)
    at useProjectsTableList (C:\Lanit\vega-sp\src\pages\projects\__generated__\projects.tsx:127:23)
    at Component (C:\Lanit\vega-sp\src\pages\projects\ProjectsPage.tsx:41:76)
    at renderWithHooks (C:\Lanit\vega-sp\node_modules\react-dom\cjs\react-dom.development.js:14803:18)
    at updateFunctionComponent (C:\Lanit\vega-sp\node_modules\react-dom\cjs\react-dom.development.js:17034:20)
    at beginWork (C:\Lanit\vega-sp\node_modules\react-dom\cjs\react-dom.development.js:18610:16)
    at beginWork$1 (C:\Lanit\vega-sp\node_modules\react-dom\cjs\react-dom.development.js:23179:14)
    at performUnitOfWork (C:\Lanit\vega-sp\node_modules\react-dom\cjs\react-dom.development.js:22157:12)
    at workLoopSync (C:\Lanit\vega-sp\node_modules\react-dom\cjs\react-dom.development.js:22130:22)
    at callback (C:\Lanit\vega-sp\node_modules\react-dom\cjs\react-dom.development.js:21756:9)
    at C:\Lanit\vega-sp\node_modules\react-dom\cjs\react-dom.development.js:11089:24
    at Scheduler_runWithPriority (C:\Lanit\vega-sp\node_modules\scheduler\cjs\scheduler.development.js:663:16)
    at runWithPriority$1 (C:\Lanit\vega-sp\node_modules\react-dom\cjs\react-dom.development.js:11039:10)
    at flushSyncCallbackQueueImpl (C:\Lanit\vega-sp\node_modules\react-dom\cjs\react-dom.development.js:11084:7)
    at flushSyncCallbackQueue (C:\Lanit\vega-sp\node_modules\react-dom\cjs\react-dom.development.js:11072:3)
    at scheduleWork (C:\Lanit\vega-sp\node_modules\react-dom\cjs\react-dom.development.js:21199:9)
    at dispatchAction (C:\Lanit\vega-sp\node_modules\react-dom\cjs\react-dom.development.js:15660:5)
    at runNextTicks (internal/process/task_queues.js:62:5)
    at listOnTimeout (internal/timers.js:518:9)
    at processTimers (internal/timers.js:492:7)</failure>
    </testcase>
    <testcase classname="ProjectsPage модальное окно закрывается при отмене удаления" name="ProjectsPage модальное окно закрывается при отмене удаления" time="0.036">
      <failure>Error: No more mocked responses for the query: query ProjectsTableList($includeBlank: Boolean!, $pageNumber: Int!, $pageSize: Int!, $orderBy: ProjectOrderByEnum, $sortBy: SortType, $searchQuery: String) {
  __typename
  projects: projectList(includeBlank: $includeBlank, pageNumber: $pageNumber, pageSize: $pageSize, orderBy: $orderBy, sortBy: $sortBy, searchQuery: $searchQuery) {
    ... on ProjectList {
      data: projectList {
        vid
        isFavorite
        name
        version
        description
        status
        attendees {
          user {
            name
            role
            __typename
          }
          roles {
            name
            __typename
          }
          __typename
        }
        region {
          name
          __typename
        }
        editedAt
        createdAt
        createdBy {
          name
          vid
          __typename
        }
        __typename
      }
      itemsTotal
      __typename
    }
    ... on Error {
      code
      message
      details
      __typename
    }
    __typename
  }
}
, variables: {&quot;pageNumber&quot;:1,&quot;pageSize&quot;:20,&quot;includeBlank&quot;:false,&quot;searchQuery&quot;:&quot;&quot;}
    at MockLink.request (C:\Lanit\vega-sp\node_modules\@apollo\client\utilities\testing\mocking\mockLink.js:87:20)
    at Object.execute (C:\Lanit\vega-sp\node_modules\@apollo\client\link\core\ApolloLink.js:69:14)
    at QueryManager.getObservableFromLink (C:\Lanit\vega-sp\node_modules\@apollo\client\core\QueryManager.js:423:25)
    at QueryManager.getResultsFromLink (C:\Lanit\vega-sp\node_modules\@apollo\client\core\QueryManager.js:461:30)
    at resultsFromLink (C:\Lanit\vega-sp\node_modules\@apollo\client\core\QueryManager.js:576:26)
    at QueryManager.fetchQueryByPolicy (C:\Lanit\vega-sp\node_modules\@apollo\client\core\QueryManager.js:619:25)
    at fromVariables (C:\Lanit\vega-sp\node_modules\@apollo\client\core\QueryManager.js:524:26)
    at QueryManager.fetchQueryObservable (C:\Lanit\vega-sp\node_modules\@apollo\client\core\QueryManager.js:531:15)
    at Reobserver.fetch (C:\Lanit\vega-sp\node_modules\@apollo\client\core\ObservableQuery.js:312:33)
    at Reobserver.reobserve (C:\Lanit\vega-sp\node_modules\@apollo\client\core\Reobserver.js:18:28)
    at ObservableQuery.reobserve (C:\Lanit\vega-sp\node_modules\@apollo\client\core\ObservableQuery.js:317:37)
    at ObservableQuery.onSubscribe (C:\Lanit\vega-sp\node_modules\@apollo\client\core\ObservableQuery.js:294:18)
    at C:\Lanit\vega-sp\node_modules\@apollo\client\core\ObservableQuery.js:13:26
    at new Subscription (C:\Lanit\vega-sp\node_modules\zen-observable\lib\Observable.js:215:34)
    at ObservableQuery.subscribe (C:\Lanit\vega-sp\node_modules\zen-observable\lib\Observable.js:293:14)
    at QueryData.startQuerySubscription (C:\Lanit\vega-sp\node_modules\@apollo\client\react\data\data.cjs.js:627:55)
    at QueryData.getExecuteResult (C:\Lanit\vega-sp\node_modules\@apollo\client\react\data\QueryData.js:268:10)
    at QueryData.execute (C:\Lanit\vega-sp\node_modules\@apollo\client\react\data\QueryData.js:206:47)
    at C:\Lanit\vega-sp\node_modules\@apollo\client\react\hooks\useMutation.js:17:16
    at useDeepMemo (C:\Lanit\vega-sp\node_modules\@apollo\client\react\hooks\utils\useBaseQuery.js:17:1)
    at useBaseQuery (C:\Lanit\vega-sp\node_modules\@apollo\client\react\hooks\useMutation.js:16:1)
    at Object.useQuery (C:\Lanit\vega-sp\node_modules\@apollo\client\react\hooks\hooks.cjs.js:158:10)
    at useProjectsTableList (C:\Lanit\vega-sp\src\pages\projects\__generated__\projects.tsx:127:23)
    at Component (C:\Lanit\vega-sp\src\pages\projects\ProjectsPage.tsx:41:76)
    at renderWithHooks (C:\Lanit\vega-sp\node_modules\react-dom\cjs\react-dom.development.js:14803:18)
    at mountIndeterminateComponent (C:\Lanit\vega-sp\node_modules\react-dom\cjs\react-dom.development.js:17482:13)
    at beginWork (C:\Lanit\vega-sp\node_modules\react-dom\cjs\react-dom.development.js:18596:16)
    at beginWork$1 (C:\Lanit\vega-sp\node_modules\react-dom\cjs\react-dom.development.js:23179:14)
    at performUnitOfWork (C:\Lanit\vega-sp\node_modules\react-dom\cjs\react-dom.development.js:22157:12)
    at workLoopSync (C:\Lanit\vega-sp\node_modules\react-dom\cjs\react-dom.development.js:22130:22)
    at performSyncWorkOnRoot (C:\Lanit\vega-sp\node_modules\react-dom\cjs\react-dom.development.js:21756:9)
    at scheduleWork (C:\Lanit\vega-sp\node_modules\react-dom\cjs\react-dom.development.js:21188:7)
    at updateContainer (C:\Lanit\vega-sp\node_modules\react-dom\cjs\react-dom.development.js:24373:3)
    at fn (C:\Lanit\vega-sp\node_modules\react-dom\cjs\react-dom.development.js:24758:7)
    at unbatchedUpdates (C:\Lanit\vega-sp\node_modules\react-dom\cjs\react-dom.development.js:21903:12)
    at legacyRenderSubtreeIntoContainer (C:\Lanit\vega-sp\node_modules\react-dom\cjs\react-dom.development.js:24757:5)
    at Object.render (C:\Lanit\vega-sp\node_modules\react-dom\cjs\react-dom.development.js:24840:10)
    at fn (C:\Lanit\vega-sp\node_modules\@testing-library\react\dist\pure.js:100:25)
    at batchedUpdates (C:\Lanit\vega-sp\node_modules\react-dom\cjs\react-dom.development.js:21856:12)
    at act (C:\Lanit\vega-sp\node_modules\react-dom\cjs\react-dom-test-utils.development.js:929:14)
    at render (C:\Lanit\vega-sp\node_modules\@testing-library\react\dist\pure.js:96:3)
    at render (C:\Lanit\vega-sp\src\testing\react-testing-library.tsx:94:8)
    at call (C:\Lanit\vega-sp\src\pages\projects\ProjectsPage.test.tsx:55:11)
    at tryCatch (C:\Lanit\vega-sp\node_modules\regenerator-runtime\runtime.js:63:40)
    at Generator._invoke (C:\Lanit\vega-sp\node_modules\regenerator-runtime\runtime.js:293:22)
    at Generator.next (C:\Lanit\vega-sp\node_modules\regenerator-runtime\runtime.js:118:21)
    at asyncGeneratorStep (C:\Lanit\vega-sp\node_modules\@babel\runtime\helpers\asyncToGenerator.js:3:16)
    at _next (C:\Lanit\vega-sp\node_modules\@babel\runtime\helpers\asyncToGenerator.js:25:9)
    at C:\Lanit\vega-sp\node_modules\@babel\runtime\helpers\asyncToGenerator.js:32:7
    at new Promise (&lt;anonymous&gt;)
    at Object.&lt;anonymous&gt; (C:\Lanit\vega-sp\node_modules\@babel\runtime\helpers\asyncToGenerator.js:21:12)
    at Object.asyncJestTest (C:\Lanit\vega-sp\node_modules\jest-jasmine2\build\jasmineAsyncInstall.js:100:37)
    at C:\Lanit\vega-sp\node_modules\jest-jasmine2\build\queueRunner.js:47:12
    at new Promise (&lt;anonymous&gt;)
    at mapper (C:\Lanit\vega-sp\node_modules\jest-jasmine2\build\queueRunner.js:30:19)
    at C:\Lanit\vega-sp\node_modules\jest-jasmine2\build\queueRunner.js:77:41
    at processTicksAndRejections (internal/process/task_queues.js:97:5)
    at runNextTicks (internal/process/task_queues.js:66:3)
    at listOnTimeout (internal/timers.js:518:9)
    at processTimers (internal/timers.js:492:7)</failure>
    </testcase>
    <testcase classname="ProjectsPage модальное окно закрывается" name="ProjectsPage модальное окно закрывается" time="0.071">
      <failure>TestingLibraryElementError: Unable to find an element with the text: FEM Example Project. This could be because the text is broken up by multiple elements. In this case, you can provide a function for your text matcher to make your matcher more flexible.

&lt;body
  style=&quot;--scrollBarWidth: 0;&quot;
&gt;
  &lt;div /&gt;
  &lt;div /&gt;
  &lt;div&gt;
    &lt;div
      class=&quot;VegaProjectsPage&quot;
      data-testid=&quot;ProjectsPage:root&quot;
    &gt;
      &lt;div
        class=&quot;VegaProjectsPage__Container&quot;
      &gt;
        &lt;div
          class=&quot;VegaProjectsPage__Header&quot;
        &gt;
          &lt;div
            class=&quot;VegaProjectsPage__Heading&quot;
          &gt;
            &lt;h1
              class=&quot;Text Text_size_3xl Text_view_primary Text_weight_bold VegaProjectsPage__Title&quot;
              data-testid=&quot;ProjectsPage:root:title&quot;
            &gt;
              Проекты
            &lt;/h1&gt;
          &lt;/div&gt;
          &lt;div
            class=&quot;VegaProjectsPage__RightBlock&quot;
          &gt;
            &lt;div
              class=&quot;VegaProjectsPage__LinkBlock&quot;
            &gt;
              &lt;a
                data-testid=&quot;ProjectsPage:link:create&quot;
                href=&quot;/projects/create&quot;
              &gt;
                &lt;button
                  class=&quot;Button Button_size_s Button_view_primary Button_width_default Button_form_default MixFocus&quot;
                &gt;
                  Создать новый проект
                &lt;/button&gt;
              &lt;/a&gt;
            &lt;/div&gt;
            &lt;div
              class=&quot;VegaProjectsPage__TextFieldBlock&quot;
            &gt;
              &lt;div
                class=&quot;TextField TextField_size_s TextField_view_default TextField_form_default TextField_width_default TextField_type_input&quot;
              &gt;
                &lt;div
                  class=&quot;TextField-Side TextField-Side_position_left TextField-Side_type_icon&quot;
                &gt;
                  &lt;span
                    class=&quot;Icon Icon_size_s IconSearch TextField-Icon&quot;
                  &gt;
                    &lt;svg
                      class=&quot;Icon-Svg&quot;
                      viewBox=&quot;0 0 16 16&quot;
                    &gt;
                      &lt;path
                        clip-rule=&quot;evenodd&quot;
                        d=&quot;M9.618 11.032a5.5 5.5 0 111.414-1.414l3.97 3.969L13.586 15l-3.97-3.97zM10 6.5a3.5 3.5 0 11-7 0 3.5 3.5 0 017 0z&quot;
                        fill-rule=&quot;evenodd&quot;
                      /&gt;
                    &lt;/svg&gt;
                  &lt;/span&gt;
                &lt;/div&gt;
                &lt;input
                  class=&quot;TextField-Input&quot;
                  id=&quot;&quot;
                  placeholder=&quot;Введите название проекта или имя автора&quot;
                  type=&quot;input&quot;
                  value=&quot;&quot;
                /&gt;
              &lt;/div&gt;
            &lt;/div&gt;
          &lt;/div&gt;
        &lt;/div&gt;
        &lt;div
          class=&quot;VegaProjectsPage__Loader&quot;
          data-testid=&quot;ProjectsPage:loader&quot;
        &gt;
          &lt;div
            class=&quot;Loader Loader_size_m&quot;
          &gt;
            &lt;div
              class=&quot;Loader-Dot&quot;
            /&gt;
          &lt;/div&gt;
        &lt;/div&gt;
      &lt;/div&gt;
    &lt;/div&gt;
  &lt;/div&gt;
  &lt;div&gt;
    &lt;div
      class=&quot;VegaProjectsPage&quot;
      data-testid=&quot;ProjectsPage:root&quot;
    &gt;
      &lt;div
        class=&quot;VegaProjectsPage__Container&quot;
      &gt;
        &lt;div
          class=&quot;VegaProjectsPage__Header&quot;
        &gt;
          &lt;div
            class=&quot;VegaProjectsPage__Heading&quot;
          &gt;
            &lt;h1
              class=&quot;Text Text_size_3xl Text_view_primary Text_weight_bold VegaProjectsPage__Title&quot;
              data-testid=&quot;ProjectsPage:root:title&quot;
            &gt;
              Проекты
            &lt;/h1&gt;
          &lt;/div&gt;
          &lt;div
            class=&quot;VegaProjectsPage__RightBlock&quot;
          &gt;
            &lt;div
              class=&quot;VegaProjectsPage__LinkBlock&quot;
            &gt;
              &lt;a
                data-testid=&quot;ProjectsPage:link:create&quot;
                href=&quot;/projects/create&quot;
              &gt;
                &lt;button
                  class=&quot;Button Button_size_s Button_view_primary Button_width_default Button_form_default MixFocus&quot;
                &gt;
                  Создать новый проект
                &lt;/button&gt;
              &lt;/a&gt;
            &lt;/div&gt;
            &lt;div
              class=&quot;VegaProjectsPage__TextFieldBlock&quot;
            &gt;
              &lt;div
                class=&quot;TextField TextField_size_s TextField_view_default TextField_form_default TextField_width_default TextField_type_input&quot;
              &gt;
                &lt;div
                  class=&quot;TextField-Side TextField-Side_position_left TextField-Side_type_icon&quot;
                &gt;
                  &lt;span
                    class=&quot;Icon Icon_size_s IconSearch TextField-Icon&quot;
                  &gt;
                    &lt;svg
                      class=&quot;Icon-Svg&quot;
                      viewBox=&quot;0 0 16 16&quot;
                    &gt;
                      &lt;path
                        clip-rule=&quot;evenodd&quot;
                        d=&quot;M9.618 11.032a5.5 5.5 0 111.414-1.414l3.97 3.969L13.586 15l-3.97-3.97zM10 6.5a3.5 3.5 0 11-7 0 3.5 3.5 0 017 0z&quot;
                        fill-rule=&quot;evenodd&quot;
                      /&gt;
                    &lt;/svg&gt;
                  &lt;/span&gt;
                &lt;/div&gt;
                &lt;input
                  class=&quot;TextField-Input&quot;
                  id=&quot;&quot;
                  placeholder=&quot;Введите название проекта или имя автора&quot;
                  type=&quot;input&quot;
                  value=&quot;&quot;
                /&gt;
              &lt;/div&gt;
            &lt;/div&gt;
          &lt;/div&gt;
        &lt;/div&gt;
        &lt;div
          class=&quot;VegaProjectsPage__Loader&quot;
          data-testid=&quot;ProjectsPage:loader&quot;
        &gt;
          &lt;div
            class=&quot;Loader Loader_size_m&quot;
          &gt;
            &lt;div
              class=&quot;Loader-Dot&quot;
            /&gt;
          &lt;/div&gt;
        &lt;/div&gt;
      &lt;/div&gt;
    &lt;/div&gt;
  &lt;/div&gt;
  &lt;div&gt;
    &lt;div
      class=&quot;VegaProjectsPage&quot;
      data-testid=&quot;ProjectsPage:root&quot;
    &gt;
      &lt;div
        class=&quot;VegaProjectsPage__Container&quot;
      &gt;
        &lt;div
          class=&quot;VegaProjectsPage__Header&quot;
        &gt;
          &lt;div
            class=&quot;VegaProjectsPage__Heading&quot;
          &gt;
            &lt;h1
              class=&quot;Text Text_size_3xl Text_view_primary Text_weight_bold VegaProjectsPage__Title&quot;
              data-testid=&quot;ProjectsPage:root:title&quot;
            &gt;
              Проекты
            &lt;/h1&gt;
          &lt;/div&gt;
          &lt;div
            class=&quot;VegaProjectsPage__RightBlock&quot;
          &gt;
            &lt;div
              class=&quot;VegaProjectsPage__LinkBlock&quot;
            &gt;
              &lt;a
                data-testid=&quot;ProjectsPage:link:create&quot;
                href=&quot;/projects/create&quot;
              &gt;
                &lt;button
                  class=&quot;Button Button_size_s Button_view_primary Button_width_default Button_form_default MixFocus&quot;
                &gt;
                  Создать новый проект
                &lt;/button&gt;
              &lt;/a&gt;
            &lt;/div&gt;
            &lt;div
              class=&quot;VegaProjectsPage__TextFieldBlock&quot;
            &gt;
              &lt;div
                class=&quot;TextField TextField_size_s TextField_view_default TextField_form_default TextField_width_default TextField_type_input&quot;
              &gt;
                &lt;div
                  class=&quot;TextField-Side TextField-Side_position_left TextField-Side_type_icon&quot;
                &gt;
                  &lt;span
                    class=&quot;Icon Icon_size_s IconSearch TextField-Icon&quot;
                  &gt;
                    &lt;svg
                      class=&quot;Icon-Svg&quot;
                      viewBox=&quot;0 0 16 16&quot;
                    &gt;
                      &lt;path
                        clip-rule=&quot;evenodd&quot;
                        d=&quot;M9.618 11.032a5.5 5.5 0 111.414-1.414l3.97 3.969L13.586 15l-3.97-3.97zM10 6.5a3.5 3.5 0 11-7 0 3.5 3.5 0 017 0z&quot;
                        fill-rule=&quot;evenodd&quot;
                      /&gt;
                    &lt;/svg&gt;
                  &lt;/span&gt;
                &lt;/div&gt;
                &lt;input
                  class=&quot;TextField-Input&quot;
                  id=&quot;&quot;
                  placeholder=&quot;Введите название проекта или имя автора&quot;
                  type=&quot;input&quot;
                  value=&quot;&quot;
                /&gt;
              &lt;/div&gt;
            &lt;/div&gt;
          &lt;/div&gt;
        &lt;/div&gt;
        &lt;div
          class=&quot;VegaProjectsPage__Loader&quot;
          data-testid=&quot;ProjectsPage:loader&quot;
        &gt;
          &lt;div
            class=&quot;Loader Loader_size_m&quot;
          &gt;
            &lt;div
              class=&quot;Loader-Dot&quot;
            /&gt;
          &lt;/div&gt;
        &lt;/div&gt;
      &lt;/div&gt;
    &lt;/div&gt;
  &lt;/div&gt;
  &lt;div&gt;
    &lt;div
      class=&quot;VegaProjectsPage&quot;
      data-testid=&quot;ProjectsPage:root&quot;
    &gt;
      &lt;div
        class=&quot;VegaProjectsPage__Container&quot;
      &gt;
        &lt;div
          class=&quot;VegaProjectsPage__Header&quot;
        &gt;
          &lt;div
            class=&quot;VegaProjectsPage__Heading&quot;
          &gt;
            &lt;h1
              class=&quot;Text Text_size_3xl Text_view_primary Text_weight_bold VegaProjectsPage__Title&quot;
              data-testid=&quot;ProjectsPage:root:title&quot;
            &gt;
              Проекты
            &lt;/h1&gt;
          &lt;/div&gt;
          &lt;div
            class=&quot;VegaProjectsPage__RightBlock&quot;
          &gt;
            &lt;div
              class=&quot;VegaProjectsPage__LinkBlock&quot;
            &gt;
              &lt;a
                data-testid=&quot;ProjectsPage:link:create&quot;
                href=&quot;/projects/create&quot;
              &gt;
                &lt;button
                  class=&quot;Button Button_size_s Button_view_primary Button_width_default Button_form_default MixFocus&quot;
                &gt;
                  Создать новый проект
                &lt;/button&gt;
              &lt;/a&gt;
            &lt;/div&gt;
            &lt;div
              class=&quot;VegaProjectsPage__TextFieldBlock&quot;
            &gt;
              &lt;div
                class=&quot;TextField TextField_size_s TextField_view_default TextField_form_default TextField_width_default TextField_type_input&quot;
              &gt;
                &lt;div
                  class=&quot;TextField-Side TextField-Side_position_left TextField-Side_type_icon&quot;
                &gt;
                  &lt;span
                    class=&quot;Icon Icon_size_s IconSearch TextField-Icon&quot;
                  &gt;
                    &lt;svg
                      class=&quot;Icon-Svg&quot;
                      viewBox=&quot;0 0 16 16&quot;
                    &gt;
                      &lt;path
                        clip-rule=&quot;evenodd&quot;
                        d=&quot;M9.618 11.032a5.5 5.5 0 111.414-1.414l3.97 3.969L13.586 15l-3.97-3.97zM10 6.5a3.5 3.5 0 11-7 0 3.5 3.5 0 017 0z&quot;
                        fill-rule=&quot;evenodd&quot;
                      /&gt;
                    &lt;/svg&gt;
                  &lt;/span&gt;
                &lt;/div&gt;
                &lt;input
                  class=&quot;TextField-Input&quot;
                  id=&quot;&quot;
                  placeholder=&quot;Введите название проекта или имя автора&quot;
                  type=&quot;input&quot;
                  value=&quot;&quot;
                /&gt;
              &lt;/div&gt;
            &lt;/div&gt;
          &lt;/div&gt;
        &lt;/div&gt;
        &lt;div
          class=&quot;VegaProjectsPage__Loader&quot;
          data-testid=&quot;ProjectsPage:loader&quot;
        &gt;
          &lt;div
            class=&quot;Loader Loader_size_m&quot;
          &gt;
            &lt;div
              class=&quot;Loader-Dot&quot;
            /&gt;
          &lt;/div&gt;
        &lt;/div&gt;
      &lt;/div&gt;
    &lt;/div&gt;
  &lt;/div&gt;
&lt;/body&gt;
    at Object.getElementError (C:\Lanit\vega-sp\node_modules\@testing-library\dom\dist\config.js:37:19)
    at C:\Lanit\vega-sp\node_modules\@testing-library\dom\dist\query-helpers.js:85:38
    at C:\Lanit\vega-sp\node_modules\@testing-library\dom\dist\query-helpers.js:62:25
    at getByText (C:\Lanit\vega-sp\node_modules\@testing-library\dom\dist\query-helpers.js:101:24)
    at call (C:\Lanit\vega-sp\src\pages\projects\ProjectsPage.test.tsx:63:28)
    at tryCatch (C:\Lanit\vega-sp\node_modules\regenerator-runtime\runtime.js:63:40)
    at Generator._invoke (C:\Lanit\vega-sp\node_modules\regenerator-runtime\runtime.js:293:22)
    at Generator.next (C:\Lanit\vega-sp\node_modules\regenerator-runtime\runtime.js:118:21)
    at asyncGeneratorStep (C:\Lanit\vega-sp\node_modules\@babel\runtime\helpers\asyncToGenerator.js:3:16)
    at _next (C:\Lanit\vega-sp\node_modules\@babel\runtime\helpers\asyncToGenerator.js:25:9)
    at runNextTicks (internal/process/task_queues.js:62:5)
    at listOnTimeout (internal/timers.js:518:9)
    at processTimers (internal/timers.js:492:7)</failure>
      <failure>Error: No more mocked responses for the query: query ProjectsTableList($includeBlank: Boolean!, $pageNumber: Int!, $pageSize: Int!, $orderBy: ProjectOrderByEnum, $sortBy: SortType, $searchQuery: String) {
  __typename
  projects: projectList(includeBlank: $includeBlank, pageNumber: $pageNumber, pageSize: $pageSize, orderBy: $orderBy, sortBy: $sortBy, searchQuery: $searchQuery) {
    ... on ProjectList {
      data: projectList {
        vid
        isFavorite
        name
        version
        description
        status
        attendees {
          user {
            name
            role
            __typename
          }
          roles {
            name
            __typename
          }
          __typename
        }
        region {
          name
          __typename
        }
        editedAt
        createdAt
        createdBy {
          name
          vid
          __typename
        }
        __typename
      }
      itemsTotal
      __typename
    }
    ... on Error {
      code
      message
      details
      __typename
    }
    __typename
  }
}
, variables: {&quot;pageNumber&quot;:1,&quot;pageSize&quot;:20,&quot;includeBlank&quot;:false,&quot;orderBy&quot;:&quot;EDITED_AT&quot;,&quot;sortBy&quot;:&quot;DESC&quot;,&quot;searchQuery&quot;:&quot;&quot;}
    at MockLink.request (C:\Lanit\vega-sp\node_modules\@apollo\client\utilities\testing\mocking\mockLink.js:87:20)
    at Object.execute (C:\Lanit\vega-sp\node_modules\@apollo\client\link\core\ApolloLink.js:69:14)
    at QueryManager.getObservableFromLink (C:\Lanit\vega-sp\node_modules\@apollo\client\core\QueryManager.js:423:25)
    at QueryManager.getResultsFromLink (C:\Lanit\vega-sp\node_modules\@apollo\client\core\QueryManager.js:461:30)
    at resultsFromLink (C:\Lanit\vega-sp\node_modules\@apollo\client\core\QueryManager.js:576:26)
    at QueryManager.fetchQueryByPolicy (C:\Lanit\vega-sp\node_modules\@apollo\client\core\QueryManager.js:619:25)
    at fromVariables (C:\Lanit\vega-sp\node_modules\@apollo\client\core\QueryManager.js:524:26)
    at QueryManager.fetchQueryObservable (C:\Lanit\vega-sp\node_modules\@apollo\client\core\QueryManager.js:531:15)
    at Reobserver.fetch (C:\Lanit\vega-sp\node_modules\@apollo\client\core\ObservableQuery.js:312:33)
    at Reobserver.reobserve (C:\Lanit\vega-sp\node_modules\@apollo\client\core\Reobserver.js:18:28)
    at ObservableQuery.reobserve (C:\Lanit\vega-sp\node_modules\@apollo\client\core\ObservableQuery.js:317:37)
    at ObservableQuery.setOptions (C:\Lanit\vega-sp\node_modules\@apollo\client\core\ObservableQuery.js:207:21)
    at QueryData.updateObservableQuery (C:\Lanit\vega-sp\node_modules\@apollo\client\react\data\data.cjs.js:615:30)
    at QueryData.execute (C:\Lanit\vega-sp\node_modules\@apollo\client\react\data\QueryData.js:204:10)
    at C:\Lanit\vega-sp\node_modules\@apollo\client\react\hooks\useMutation.js:17:16
    at useDeepMemo (C:\Lanit\vega-sp\node_modules\@apollo\client\react\hooks\utils\useBaseQuery.js:17:1)
    at useBaseQuery (C:\Lanit\vega-sp\node_modules\@apollo\client\react\hooks\useMutation.js:16:1)
    at Object.useQuery (C:\Lanit\vega-sp\node_modules\@apollo\client\react\hooks\hooks.cjs.js:158:10)
    at useProjectsTableList (C:\Lanit\vega-sp\src\pages\projects\__generated__\projects.tsx:127:23)
    at Component (C:\Lanit\vega-sp\src\pages\projects\ProjectsPage.tsx:41:76)
    at renderWithHooks (C:\Lanit\vega-sp\node_modules\react-dom\cjs\react-dom.development.js:14803:18)
    at updateFunctionComponent (C:\Lanit\vega-sp\node_modules\react-dom\cjs\react-dom.development.js:17034:20)
    at beginWork (C:\Lanit\vega-sp\node_modules\react-dom\cjs\react-dom.development.js:18610:16)
    at beginWork$1 (C:\Lanit\vega-sp\node_modules\react-dom\cjs\react-dom.development.js:23179:14)
    at performUnitOfWork (C:\Lanit\vega-sp\node_modules\react-dom\cjs\react-dom.development.js:22157:12)
    at workLoopSync (C:\Lanit\vega-sp\node_modules\react-dom\cjs\react-dom.development.js:22130:22)
    at callback (C:\Lanit\vega-sp\node_modules\react-dom\cjs\react-dom.development.js:21756:9)
    at C:\Lanit\vega-sp\node_modules\react-dom\cjs\react-dom.development.js:11089:24
    at Scheduler_runWithPriority (C:\Lanit\vega-sp\node_modules\scheduler\cjs\scheduler.development.js:663:16)
    at runWithPriority$1 (C:\Lanit\vega-sp\node_modules\react-dom\cjs\react-dom.development.js:11039:10)
    at flushSyncCallbackQueueImpl (C:\Lanit\vega-sp\node_modules\react-dom\cjs\react-dom.development.js:11084:7)
    at flushSyncCallbackQueue (C:\Lanit\vega-sp\node_modules\react-dom\cjs\react-dom.development.js:11072:3)
    at scheduleWork (C:\Lanit\vega-sp\node_modules\react-dom\cjs\react-dom.development.js:21199:9)
    at dispatchAction (C:\Lanit\vega-sp\node_modules\react-dom\cjs\react-dom.development.js:15660:5)
    at runNextTicks (internal/process/task_queues.js:62:5)
    at listOnTimeout (internal/timers.js:518:9)
    at processTimers (internal/timers.js:492:7)</failure>
    </testcase>
    <testcase classname="ProjectsPage происходит переход после клика на строку" name="ProjectsPage происходит переход после клика на строку" time="0.037">
      <failure>Error: No more mocked responses for the query: query ProjectsTableList($includeBlank: Boolean!, $pageNumber: Int!, $pageSize: Int!, $orderBy: ProjectOrderByEnum, $sortBy: SortType, $searchQuery: String) {
  __typename
  projects: projectList(includeBlank: $includeBlank, pageNumber: $pageNumber, pageSize: $pageSize, orderBy: $orderBy, sortBy: $sortBy, searchQuery: $searchQuery) {
    ... on ProjectList {
      data: projectList {
        vid
        isFavorite
        name
        version
        description
        status
        attendees {
          user {
            name
            role
            __typename
          }
          roles {
            name
            __typename
          }
          __typename
        }
        region {
          name
          __typename
        }
        editedAt
        createdAt
        createdBy {
          name
          vid
          __typename
        }
        __typename
      }
      itemsTotal
      __typename
    }
    ... on Error {
      code
      message
      details
      __typename
    }
    __typename
  }
}
, variables: {&quot;pageNumber&quot;:1,&quot;pageSize&quot;:20,&quot;includeBlank&quot;:false,&quot;searchQuery&quot;:&quot;&quot;}
    at MockLink.request (C:\Lanit\vega-sp\node_modules\@apollo\client\utilities\testing\mocking\mockLink.js:87:20)
    at Object.execute (C:\Lanit\vega-sp\node_modules\@apollo\client\link\core\ApolloLink.js:69:14)
    at QueryManager.getObservableFromLink (C:\Lanit\vega-sp\node_modules\@apollo\client\core\QueryManager.js:423:25)
    at QueryManager.getResultsFromLink (C:\Lanit\vega-sp\node_modules\@apollo\client\core\QueryManager.js:461:30)
    at resultsFromLink (C:\Lanit\vega-sp\node_modules\@apollo\client\core\QueryManager.js:576:26)
    at QueryManager.fetchQueryByPolicy (C:\Lanit\vega-sp\node_modules\@apollo\client\core\QueryManager.js:619:25)
    at fromVariables (C:\Lanit\vega-sp\node_modules\@apollo\client\core\QueryManager.js:524:26)
    at QueryManager.fetchQueryObservable (C:\Lanit\vega-sp\node_modules\@apollo\client\core\QueryManager.js:531:15)
    at Reobserver.fetch (C:\Lanit\vega-sp\node_modules\@apollo\client\core\ObservableQuery.js:312:33)
    at Reobserver.reobserve (C:\Lanit\vega-sp\node_modules\@apollo\client\core\Reobserver.js:18:28)
    at ObservableQuery.reobserve (C:\Lanit\vega-sp\node_modules\@apollo\client\core\ObservableQuery.js:317:37)
    at ObservableQuery.onSubscribe (C:\Lanit\vega-sp\node_modules\@apollo\client\core\ObservableQuery.js:294:18)
    at C:\Lanit\vega-sp\node_modules\@apollo\client\core\ObservableQuery.js:13:26
    at new Subscription (C:\Lanit\vega-sp\node_modules\zen-observable\lib\Observable.js:215:34)
    at ObservableQuery.subscribe (C:\Lanit\vega-sp\node_modules\zen-observable\lib\Observable.js:293:14)
    at QueryData.startQuerySubscription (C:\Lanit\vega-sp\node_modules\@apollo\client\react\data\data.cjs.js:627:55)
    at QueryData.getExecuteResult (C:\Lanit\vega-sp\node_modules\@apollo\client\react\data\QueryData.js:268:10)
    at QueryData.execute (C:\Lanit\vega-sp\node_modules\@apollo\client\react\data\QueryData.js:206:47)
    at C:\Lanit\vega-sp\node_modules\@apollo\client\react\hooks\useMutation.js:17:16
    at useDeepMemo (C:\Lanit\vega-sp\node_modules\@apollo\client\react\hooks\utils\useBaseQuery.js:17:1)
    at useBaseQuery (C:\Lanit\vega-sp\node_modules\@apollo\client\react\hooks\useMutation.js:16:1)
    at Object.useQuery (C:\Lanit\vega-sp\node_modules\@apollo\client\react\hooks\hooks.cjs.js:158:10)
    at useProjectsTableList (C:\Lanit\vega-sp\src\pages\projects\__generated__\projects.tsx:127:23)
    at Component (C:\Lanit\vega-sp\src\pages\projects\ProjectsPage.tsx:41:76)
    at renderWithHooks (C:\Lanit\vega-sp\node_modules\react-dom\cjs\react-dom.development.js:14803:18)
    at mountIndeterminateComponent (C:\Lanit\vega-sp\node_modules\react-dom\cjs\react-dom.development.js:17482:13)
    at beginWork (C:\Lanit\vega-sp\node_modules\react-dom\cjs\react-dom.development.js:18596:16)
    at beginWork$1 (C:\Lanit\vega-sp\node_modules\react-dom\cjs\react-dom.development.js:23179:14)
    at performUnitOfWork (C:\Lanit\vega-sp\node_modules\react-dom\cjs\react-dom.development.js:22157:12)
    at workLoopSync (C:\Lanit\vega-sp\node_modules\react-dom\cjs\react-dom.development.js:22130:22)
    at performSyncWorkOnRoot (C:\Lanit\vega-sp\node_modules\react-dom\cjs\react-dom.development.js:21756:9)
    at scheduleWork (C:\Lanit\vega-sp\node_modules\react-dom\cjs\react-dom.development.js:21188:7)
    at updateContainer (C:\Lanit\vega-sp\node_modules\react-dom\cjs\react-dom.development.js:24373:3)
    at fn (C:\Lanit\vega-sp\node_modules\react-dom\cjs\react-dom.development.js:24758:7)
    at unbatchedUpdates (C:\Lanit\vega-sp\node_modules\react-dom\cjs\react-dom.development.js:21903:12)
    at legacyRenderSubtreeIntoContainer (C:\Lanit\vega-sp\node_modules\react-dom\cjs\react-dom.development.js:24757:5)
    at Object.render (C:\Lanit\vega-sp\node_modules\react-dom\cjs\react-dom.development.js:24840:10)
    at fn (C:\Lanit\vega-sp\node_modules\@testing-library\react\dist\pure.js:100:25)
    at batchedUpdates (C:\Lanit\vega-sp\node_modules\react-dom\cjs\react-dom.development.js:21856:12)
    at act (C:\Lanit\vega-sp\node_modules\react-dom\cjs\react-dom-test-utils.development.js:929:14)
    at render (C:\Lanit\vega-sp\node_modules\@testing-library\react\dist\pure.js:96:3)
    at render (C:\Lanit\vega-sp\src\testing\react-testing-library.tsx:94:8)
    at call (C:\Lanit\vega-sp\src\pages\projects\ProjectsPage.test.tsx:75:27)
    at tryCatch (C:\Lanit\vega-sp\node_modules\regenerator-runtime\runtime.js:63:40)
    at Generator._invoke (C:\Lanit\vega-sp\node_modules\regenerator-runtime\runtime.js:293:22)
    at Generator.next (C:\Lanit\vega-sp\node_modules\regenerator-runtime\runtime.js:118:21)
    at asyncGeneratorStep (C:\Lanit\vega-sp\node_modules\@babel\runtime\helpers\asyncToGenerator.js:3:16)
    at _next (C:\Lanit\vega-sp\node_modules\@babel\runtime\helpers\asyncToGenerator.js:25:9)
    at C:\Lanit\vega-sp\node_modules\@babel\runtime\helpers\asyncToGenerator.js:32:7
    at new Promise (&lt;anonymous&gt;)
    at Object.&lt;anonymous&gt; (C:\Lanit\vega-sp\node_modules\@babel\runtime\helpers\asyncToGenerator.js:21:12)
    at Object.asyncJestTest (C:\Lanit\vega-sp\node_modules\jest-jasmine2\build\jasmineAsyncInstall.js:100:37)
    at C:\Lanit\vega-sp\node_modules\jest-jasmine2\build\queueRunner.js:47:12
    at new Promise (&lt;anonymous&gt;)
    at mapper (C:\Lanit\vega-sp\node_modules\jest-jasmine2\build\queueRunner.js:30:19)
    at C:\Lanit\vega-sp\node_modules\jest-jasmine2\build\queueRunner.js:77:41
    at processTicksAndRejections (internal/process/task_queues.js:97:5)</failure>
    </testcase>
    <testcase classname="ProjectsPage происходит переход на страницу редактирования" name="ProjectsPage происходит переход на страницу редактирования" time="0.067">
      <failure>TestingLibraryElementError: Unable to find an element with the text: Test project 01. This could be because the text is broken up by multiple elements. In this case, you can provide a function for your text matcher to make your matcher more flexible.

&lt;body
  style=&quot;--scrollBarWidth: 0;&quot;
&gt;
  &lt;div /&gt;
  &lt;div /&gt;
  &lt;div /&gt;
  &lt;div&gt;
    &lt;div
      class=&quot;VegaProjectsPage&quot;
      data-testid=&quot;ProjectsPage:root&quot;
    &gt;
      &lt;div
        class=&quot;VegaProjectsPage__Container&quot;
      &gt;
        &lt;div
          class=&quot;VegaProjectsPage__Header&quot;
        &gt;
          &lt;div
            class=&quot;VegaProjectsPage__Heading&quot;
          &gt;
            &lt;h1
              class=&quot;Text Text_size_3xl Text_view_primary Text_weight_bold VegaProjectsPage__Title&quot;
              data-testid=&quot;ProjectsPage:root:title&quot;
            &gt;
              Проекты
            &lt;/h1&gt;
          &lt;/div&gt;
          &lt;div
            class=&quot;VegaProjectsPage__RightBlock&quot;
          &gt;
            &lt;div
              class=&quot;VegaProjectsPage__LinkBlock&quot;
            &gt;
              &lt;a
                data-testid=&quot;ProjectsPage:link:create&quot;
                href=&quot;/projects/create&quot;
              &gt;
                &lt;button
                  class=&quot;Button Button_size_s Button_view_primary Button_width_default Button_form_default MixFocus&quot;
                &gt;
                  Создать новый проект
                &lt;/button&gt;
              &lt;/a&gt;
            &lt;/div&gt;
            &lt;div
              class=&quot;VegaProjectsPage__TextFieldBlock&quot;
            &gt;
              &lt;div
                class=&quot;TextField TextField_size_s TextField_view_default TextField_form_default TextField_width_default TextField_type_input&quot;
              &gt;
                &lt;div
                  class=&quot;TextField-Side TextField-Side_position_left TextField-Side_type_icon&quot;
                &gt;
                  &lt;span
                    class=&quot;Icon Icon_size_s IconSearch TextField-Icon&quot;
                  &gt;
                    &lt;svg
                      class=&quot;Icon-Svg&quot;
                      viewBox=&quot;0 0 16 16&quot;
                    &gt;
                      &lt;path
                        clip-rule=&quot;evenodd&quot;
                        d=&quot;M9.618 11.032a5.5 5.5 0 111.414-1.414l3.97 3.969L13.586 15l-3.97-3.97zM10 6.5a3.5 3.5 0 11-7 0 3.5 3.5 0 017 0z&quot;
                        fill-rule=&quot;evenodd&quot;
                      /&gt;
                    &lt;/svg&gt;
                  &lt;/span&gt;
                &lt;/div&gt;
                &lt;input
                  class=&quot;TextField-Input&quot;
                  id=&quot;&quot;
                  placeholder=&quot;Введите название проекта или имя автора&quot;
                  type=&quot;input&quot;
                  value=&quot;&quot;
                /&gt;
              &lt;/div&gt;
            &lt;/div&gt;
          &lt;/div&gt;
        &lt;/div&gt;
        &lt;div
          class=&quot;VegaProjectsPage__Loader&quot;
          data-testid=&quot;ProjectsPage:loader&quot;
        &gt;
          &lt;div
            class=&quot;Loader Loader_size_m&quot;
          &gt;
            &lt;div
              class=&quot;Loader-Dot&quot;
            /&gt;
          &lt;/div&gt;
        &lt;/div&gt;
      &lt;/div&gt;
    &lt;/div&gt;
  &lt;/div&gt;
  &lt;div&gt;
    &lt;div
      class=&quot;VegaProjectsPage&quot;
      data-testid=&quot;ProjectsPage:root&quot;
    &gt;
      &lt;div
        class=&quot;VegaProjectsPage__Container&quot;
      &gt;
        &lt;div
          class=&quot;VegaProjectsPage__Header&quot;
        &gt;
          &lt;div
            class=&quot;VegaProjectsPage__Heading&quot;
          &gt;
            &lt;h1
              class=&quot;Text Text_size_3xl Text_view_primary Text_weight_bold VegaProjectsPage__Title&quot;
              data-testid=&quot;ProjectsPage:root:title&quot;
            &gt;
              Проекты
            &lt;/h1&gt;
          &lt;/div&gt;
          &lt;div
            class=&quot;VegaProjectsPage__RightBlock&quot;
          &gt;
            &lt;div
              class=&quot;VegaProjectsPage__LinkBlock&quot;
            &gt;
              &lt;a
                data-testid=&quot;ProjectsPage:link:create&quot;
                href=&quot;/projects/create&quot;
              &gt;
                &lt;button
                  class=&quot;Button Button_size_s Button_view_primary Button_width_default Button_form_default MixFocus&quot;
                &gt;
                  Создать новый проект
                &lt;/button&gt;
              &lt;/a&gt;
            &lt;/div&gt;
            &lt;div
              class=&quot;VegaProjectsPage__TextFieldBlock&quot;
            &gt;
              &lt;div
                class=&quot;TextField TextField_size_s TextField_view_default TextField_form_default TextField_width_default TextField_type_input&quot;
              &gt;
                &lt;div
                  class=&quot;TextField-Side TextField-Side_position_left TextField-Side_type_icon&quot;
                &gt;
                  &lt;span
                    class=&quot;Icon Icon_size_s IconSearch TextField-Icon&quot;
                  &gt;
                    &lt;svg
                      class=&quot;Icon-Svg&quot;
                      viewBox=&quot;0 0 16 16&quot;
                    &gt;
                      &lt;path
                        clip-rule=&quot;evenodd&quot;
                        d=&quot;M9.618 11.032a5.5 5.5 0 111.414-1.414l3.97 3.969L13.586 15l-3.97-3.97zM10 6.5a3.5 3.5 0 11-7 0 3.5 3.5 0 017 0z&quot;
                        fill-rule=&quot;evenodd&quot;
                      /&gt;
                    &lt;/svg&gt;
                  &lt;/span&gt;
                &lt;/div&gt;
                &lt;input
                  class=&quot;TextField-Inpu...
    at Object.getElementError (C:\Lanit\vega-sp\node_modules\@testing-library\dom\dist\config.js:37:19)
    at C:\Lanit\vega-sp\node_modules\@testing-library\dom\dist\query-helpers.js:85:38
    at C:\Lanit\vega-sp\node_modules\@testing-library\dom\dist\query-helpers.js:62:25
    at getByText (C:\Lanit\vega-sp\node_modules\@testing-library\dom\dist\query-helpers.js:101:24)
    at call (C:\Lanit\vega-sp\src\pages\projects\ProjectsPage.test.tsx:84:28)
    at tryCatch (C:\Lanit\vega-sp\node_modules\regenerator-runtime\runtime.js:63:40)
    at Generator._invoke (C:\Lanit\vega-sp\node_modules\regenerator-runtime\runtime.js:293:22)
    at Generator.next (C:\Lanit\vega-sp\node_modules\regenerator-runtime\runtime.js:118:21)
    at asyncGeneratorStep (C:\Lanit\vega-sp\node_modules\@babel\runtime\helpers\asyncToGenerator.js:3:16)
    at _next (C:\Lanit\vega-sp\node_modules\@babel\runtime\helpers\asyncToGenerator.js:25:9)
    at runNextTicks (internal/process/task_queues.js:62:5)
    at listOnTimeout (internal/timers.js:518:9)
    at processTimers (internal/timers.js:492:7)</failure>
      <failure>Error: No more mocked responses for the query: query ProjectsTableList($includeBlank: Boolean!, $pageNumber: Int!, $pageSize: Int!, $orderBy: ProjectOrderByEnum, $sortBy: SortType, $searchQuery: String) {
  __typename
  projects: projectList(includeBlank: $includeBlank, pageNumber: $pageNumber, pageSize: $pageSize, orderBy: $orderBy, sortBy: $sortBy, searchQuery: $searchQuery) {
    ... on ProjectList {
      data: projectList {
        vid
        isFavorite
        name
        version
        description
        status
        attendees {
          user {
            name
            role
            __typename
          }
          roles {
            name
            __typename
          }
          __typename
        }
        region {
          name
          __typename
        }
        editedAt
        createdAt
        createdBy {
          name
          vid
          __typename
        }
        __typename
      }
      itemsTotal
      __typename
    }
    ... on Error {
      code
      message
      details
      __typename
    }
    __typename
  }
}
, variables: {&quot;pageNumber&quot;:1,&quot;pageSize&quot;:20,&quot;includeBlank&quot;:false,&quot;orderBy&quot;:&quot;EDITED_AT&quot;,&quot;sortBy&quot;:&quot;DESC&quot;,&quot;searchQuery&quot;:&quot;&quot;}
    at MockLink.request (C:\Lanit\vega-sp\node_modules\@apollo\client\utilities\testing\mocking\mockLink.js:87:20)
    at Object.execute (C:\Lanit\vega-sp\node_modules\@apollo\client\link\core\ApolloLink.js:69:14)
    at QueryManager.getObservableFromLink (C:\Lanit\vega-sp\node_modules\@apollo\client\core\QueryManager.js:423:25)
    at QueryManager.getResultsFromLink (C:\Lanit\vega-sp\node_modules\@apollo\client\core\QueryManager.js:461:30)
    at resultsFromLink (C:\Lanit\vega-sp\node_modules\@apollo\client\core\QueryManager.js:576:26)
    at QueryManager.fetchQueryByPolicy (C:\Lanit\vega-sp\node_modules\@apollo\client\core\QueryManager.js:619:25)
    at fromVariables (C:\Lanit\vega-sp\node_modules\@apollo\client\core\QueryManager.js:524:26)
    at QueryManager.fetchQueryObservable (C:\Lanit\vega-sp\node_modules\@apollo\client\core\QueryManager.js:531:15)
    at Reobserver.fetch (C:\Lanit\vega-sp\node_modules\@apollo\client\core\ObservableQuery.js:312:33)
    at Reobserver.reobserve (C:\Lanit\vega-sp\node_modules\@apollo\client\core\Reobserver.js:18:28)
    at ObservableQuery.reobserve (C:\Lanit\vega-sp\node_modules\@apollo\client\core\ObservableQuery.js:317:37)
    at ObservableQuery.setOptions (C:\Lanit\vega-sp\node_modules\@apollo\client\core\ObservableQuery.js:207:21)
    at QueryData.updateObservableQuery (C:\Lanit\vega-sp\node_modules\@apollo\client\react\data\data.cjs.js:615:30)
    at QueryData.execute (C:\Lanit\vega-sp\node_modules\@apollo\client\react\data\QueryData.js:204:10)
    at C:\Lanit\vega-sp\node_modules\@apollo\client\react\hooks\useMutation.js:17:16
    at useDeepMemo (C:\Lanit\vega-sp\node_modules\@apollo\client\react\hooks\utils\useBaseQuery.js:17:1)
    at useBaseQuery (C:\Lanit\vega-sp\node_modules\@apollo\client\react\hooks\useMutation.js:16:1)
    at Object.useQuery (C:\Lanit\vega-sp\node_modules\@apollo\client\react\hooks\hooks.cjs.js:158:10)
    at useProjectsTableList (C:\Lanit\vega-sp\src\pages\projects\__generated__\projects.tsx:127:23)
    at Component (C:\Lanit\vega-sp\src\pages\projects\ProjectsPage.tsx:41:76)
    at renderWithHooks (C:\Lanit\vega-sp\node_modules\react-dom\cjs\react-dom.development.js:14803:18)
    at updateFunctionComponent (C:\Lanit\vega-sp\node_modules\react-dom\cjs\react-dom.development.js:17034:20)
    at beginWork (C:\Lanit\vega-sp\node_modules\react-dom\cjs\react-dom.development.js:18610:16)
    at beginWork$1 (C:\Lanit\vega-sp\node_modules\react-dom\cjs\react-dom.development.js:23179:14)
    at performUnitOfWork (C:\Lanit\vega-sp\node_modules\react-dom\cjs\react-dom.development.js:22157:12)
    at workLoopSync (C:\Lanit\vega-sp\node_modules\react-dom\cjs\react-dom.development.js:22130:22)
    at callback (C:\Lanit\vega-sp\node_modules\react-dom\cjs\react-dom.development.js:21756:9)
    at C:\Lanit\vega-sp\node_modules\react-dom\cjs\react-dom.development.js:11089:24
    at Scheduler_runWithPriority (C:\Lanit\vega-sp\node_modules\scheduler\cjs\scheduler.development.js:663:16)
    at runWithPriority$1 (C:\Lanit\vega-sp\node_modules\react-dom\cjs\react-dom.development.js:11039:10)
    at flushSyncCallbackQueueImpl (C:\Lanit\vega-sp\node_modules\react-dom\cjs\react-dom.development.js:11084:7)
    at flushSyncCallbackQueue (C:\Lanit\vega-sp\node_modules\react-dom\cjs\react-dom.development.js:11072:3)
    at scheduleWork (C:\Lanit\vega-sp\node_modules\react-dom\cjs\react-dom.development.js:21199:9)
    at dispatchAction (C:\Lanit\vega-sp\node_modules\react-dom\cjs\react-dom.development.js:15660:5)
    at runNextTicks (internal/process/task_queues.js:62:5)
    at listOnTimeout (internal/timers.js:518:9)
    at processTimers (internal/timers.js:492:7)</failure>
    </testcase>
    <testcase classname="ProjectsPage происходит перезапрос данных при активации таба" name="ProjectsPage происходит перезапрос данных при активации таба" time="0">
      <skipped/>
    </testcase>
    <testcase classname="ProjectsPage пагинация загружает проекты" name="ProjectsPage пагинация загружает проекты" time="0.022">
      <failure>Error: No more mocked responses for the query: query ProjectsTableList($includeBlank: Boolean!, $pageNumber: Int!, $pageSize: Int!, $orderBy: ProjectOrderByEnum, $sortBy: SortType, $searchQuery: String) {
  __typename
  projects: projectList(includeBlank: $includeBlank, pageNumber: $pageNumber, pageSize: $pageSize, orderBy: $orderBy, sortBy: $sortBy, searchQuery: $searchQuery) {
    ... on ProjectList {
      data: projectList {
        vid
        isFavorite
        name
        version
        description
        status
        attendees {
          user {
            name
            role
            __typename
          }
          roles {
            name
            __typename
          }
          __typename
        }
        region {
          name
          __typename
        }
        editedAt
        createdAt
        createdBy {
          name
          vid
          __typename
        }
        __typename
      }
      itemsTotal
      __typename
    }
    ... on Error {
      code
      message
      details
      __typename
    }
    __typename
  }
}
, variables: {&quot;pageNumber&quot;:1,&quot;pageSize&quot;:20,&quot;includeBlank&quot;:false,&quot;searchQuery&quot;:&quot;&quot;}
    at MockLink.request (C:\Lanit\vega-sp\node_modules\@apollo\client\utilities\testing\mocking\mockLink.js:87:20)
    at Object.execute (C:\Lanit\vega-sp\node_modules\@apollo\client\link\core\ApolloLink.js:69:14)
    at QueryManager.getObservableFromLink (C:\Lanit\vega-sp\node_modules\@apollo\client\core\QueryManager.js:423:25)
    at QueryManager.getResultsFromLink (C:\Lanit\vega-sp\node_modules\@apollo\client\core\QueryManager.js:461:30)
    at resultsFromLink (C:\Lanit\vega-sp\node_modules\@apollo\client\core\QueryManager.js:576:26)
    at QueryManager.fetchQueryByPolicy (C:\Lanit\vega-sp\node_modules\@apollo\client\core\QueryManager.js:619:25)
    at fromVariables (C:\Lanit\vega-sp\node_modules\@apollo\client\core\QueryManager.js:524:26)
    at QueryManager.fetchQueryObservable (C:\Lanit\vega-sp\node_modules\@apollo\client\core\QueryManager.js:531:15)
    at Reobserver.fetch (C:\Lanit\vega-sp\node_modules\@apollo\client\core\ObservableQuery.js:312:33)
    at Reobserver.reobserve (C:\Lanit\vega-sp\node_modules\@apollo\client\core\Reobserver.js:18:28)
    at ObservableQuery.reobserve (C:\Lanit\vega-sp\node_modules\@apollo\client\core\ObservableQuery.js:317:37)
    at ObservableQuery.onSubscribe (C:\Lanit\vega-sp\node_modules\@apollo\client\core\ObservableQuery.js:294:18)
    at C:\Lanit\vega-sp\node_modules\@apollo\client\core\ObservableQuery.js:13:26
    at new Subscription (C:\Lanit\vega-sp\node_modules\zen-observable\lib\Observable.js:215:34)
    at ObservableQuery.subscribe (C:\Lanit\vega-sp\node_modules\zen-observable\lib\Observable.js:293:14)
    at QueryData.startQuerySubscription (C:\Lanit\vega-sp\node_modules\@apollo\client\react\data\data.cjs.js:627:55)
    at QueryData.getExecuteResult (C:\Lanit\vega-sp\node_modules\@apollo\client\react\data\QueryData.js:268:10)
    at QueryData.execute (C:\Lanit\vega-sp\node_modules\@apollo\client\react\data\QueryData.js:206:47)
    at C:\Lanit\vega-sp\node_modules\@apollo\client\react\hooks\useMutation.js:17:16
    at useDeepMemo (C:\Lanit\vega-sp\node_modules\@apollo\client\react\hooks\utils\useBaseQuery.js:17:1)
    at useBaseQuery (C:\Lanit\vega-sp\node_modules\@apollo\client\react\hooks\useMutation.js:16:1)
    at Object.useQuery (C:\Lanit\vega-sp\node_modules\@apollo\client\react\hooks\hooks.cjs.js:158:10)
    at useProjectsTableList (C:\Lanit\vega-sp\src\pages\projects\__generated__\projects.tsx:127:23)
    at Component (C:\Lanit\vega-sp\src\pages\projects\ProjectsPage.tsx:41:76)
    at renderWithHooks (C:\Lanit\vega-sp\node_modules\react-dom\cjs\react-dom.development.js:14803:18)
    at mountIndeterminateComponent (C:\Lanit\vega-sp\node_modules\react-dom\cjs\react-dom.development.js:17482:13)
    at beginWork (C:\Lanit\vega-sp\node_modules\react-dom\cjs\react-dom.development.js:18596:16)
    at beginWork$1 (C:\Lanit\vega-sp\node_modules\react-dom\cjs\react-dom.development.js:23179:14)
    at performUnitOfWork (C:\Lanit\vega-sp\node_modules\react-dom\cjs\react-dom.development.js:22157:12)
    at workLoopSync (C:\Lanit\vega-sp\node_modules\react-dom\cjs\react-dom.development.js:22130:22)
    at performSyncWorkOnRoot (C:\Lanit\vega-sp\node_modules\react-dom\cjs\react-dom.development.js:21756:9)
    at scheduleWork (C:\Lanit\vega-sp\node_modules\react-dom\cjs\react-dom.development.js:21188:7)
    at updateContainer (C:\Lanit\vega-sp\node_modules\react-dom\cjs\react-dom.development.js:24373:3)
    at fn (C:\Lanit\vega-sp\node_modules\react-dom\cjs\react-dom.development.js:24758:7)
    at unbatchedUpdates (C:\Lanit\vega-sp\node_modules\react-dom\cjs\react-dom.development.js:21903:12)
    at legacyRenderSubtreeIntoContainer (C:\Lanit\vega-sp\node_modules\react-dom\cjs\react-dom.development.js:24757:5)
    at Object.render (C:\Lanit\vega-sp\node_modules\react-dom\cjs\react-dom.development.js:24840:10)
    at fn (C:\Lanit\vega-sp\node_modules\@testing-library\react\dist\pure.js:100:25)
    at batchedUpdates (C:\Lanit\vega-sp\node_modules\react-dom\cjs\react-dom.development.js:21856:12)
    at act (C:\Lanit\vega-sp\node_modules\react-dom\cjs\react-dom-test-utils.development.js:929:14)
    at render (C:\Lanit\vega-sp\node_modules\@testing-library\react\dist\pure.js:96:3)
    at render (C:\Lanit\vega-sp\src\testing\react-testing-library.tsx:94:8)
    at call (C:\Lanit\vega-sp\src\pages\projects\ProjectsPage.test.tsx:96:27)
    at tryCatch (C:\Lanit\vega-sp\node_modules\regenerator-runtime\runtime.js:63:40)
    at Generator._invoke (C:\Lanit\vega-sp\node_modules\regenerator-runtime\runtime.js:293:22)
    at Generator.next (C:\Lanit\vega-sp\node_modules\regenerator-runtime\runtime.js:118:21)
    at asyncGeneratorStep (C:\Lanit\vega-sp\node_modules\@babel\runtime\helpers\asyncToGenerator.js:3:16)
    at _next (C:\Lanit\vega-sp\node_modules\@babel\runtime\helpers\asyncToGenerator.js:25:9)
    at C:\Lanit\vega-sp\node_modules\@babel\runtime\helpers\asyncToGenerator.js:32:7
    at new Promise (&lt;anonymous&gt;)
    at Object.&lt;anonymous&gt; (C:\Lanit\vega-sp\node_modules\@babel\runtime\helpers\asyncToGenerator.js:21:12)
    at Object.asyncJestTest (C:\Lanit\vega-sp\node_modules\jest-jasmine2\build\jasmineAsyncInstall.js:100:37)
    at C:\Lanit\vega-sp\node_modules\jest-jasmine2\build\queueRunner.js:47:12
    at new Promise (&lt;anonymous&gt;)
    at mapper (C:\Lanit\vega-sp\node_modules\jest-jasmine2\build\queueRunner.js:30:19)
    at C:\Lanit\vega-sp\node_modules\jest-jasmine2\build\queueRunner.js:77:41
    at processTicksAndRejections (internal/process/task_queues.js:97:5)
    at runNextTicks (internal/process/task_queues.js:66:3)
    at listOnTimeout (internal/timers.js:518:9)
    at processTimers (internal/timers.js:492:7)</failure>
    </testcase>
  </testsuite>
  <testsuite name="CreateProjectPage" errors="0" failures="0" skipped="1" timestamp="2021-06-09T10:23:19" time="64.101" tests="9">
    <testcase classname="CreateProjectPage показывает loader при запросах" name="CreateProjectPage показывает loader при запросах" time="0.623">
    </testcase>
    <testcase classname="CreateProjectPage успешное создание проекта вызывает нотификацию" name="CreateProjectPage успешное создание проекта вызывает нотификацию" time="1.172">
    </testcase>
    <testcase classname="CreateProjectPage успешное создание проекта редиректит на страницу проекта" name="CreateProjectPage успешное создание проекта редиректит на страницу проекта" time="1.053">
    </testcase>
    <testcase classname="CreateProjectPage создание бланка проекта с ошибкой вызывает нотификацию" name="CreateProjectPage создание бланка проекта с ошибкой вызывает нотификацию" time="0.118">
    </testcase>
    <testcase classname="CreateProjectPage показывает ошибку валидации с сервера при обновлении проекта" name="CreateProjectPage показывает ошибку валидации с сервера при обновлении проекта" time="0.846">
    </testcase>
    <testcase classname="CreateProjectPage отмена проекта показывает модалку при отмене проекта" name="CreateProjectPage отмена проекта показывает модалку при отмене проекта" time="0.256">
    </testcase>
    <testcase classname="CreateProjectPage отмена проекта редиректит при подтверждении" name="CreateProjectPage отмена проекта редиректит при подтверждении" time="0.245">
    </testcase>
    <testcase classname="CreateProjectPage отмена проекта вызывает событие удаление проекта по шине" name="CreateProjectPage отмена проекта вызывает событие удаление проекта по шине" time="0.298">
    </testcase>
    <testcase classname="CreateProjectPage принимает событие удаления проекта по шине" name="CreateProjectPage принимает событие удаления проекта по шине" time="0">
    </testcase>
    <testcase classname="CreateProjectPage показывает уведомление об ошибки в apollo" name="CreateProjectPage показывает уведомление об ошибки в apollo" time="0">
    </testcase>
    <testcase classname="CreateProjectPage происходит пуллинг новых данные каждые 30 сек" name="CreateProjectPage происходит пуллинг новых данные каждые 30 сек" time="0">
      <skipped/>
    </testcase>
  </testsuite>
  <testsuite name="EditProjectPage" errors="0" failures="0" skipped="0" timestamp="2021-06-09T10:23:19" time="64.108" tests="5">
    <testcase classname="EditProjectPage рендерит без ошибок" name="EditProjectPage рендерит без ошибок" time="0.119">
    </testcase>
    <testcase classname="EditProjectPage инициализирует значения в форме на начальные после сброса" name="EditProjectPage инициализирует значения в форме на начальные после сброса" time="1.107">
    </testcase>
    <testcase classname="EditProjectPage выводит сообщение об успешном обновлении" name="EditProjectPage выводит сообщение об успешном обновлении" time="1.163">
    </testcase>
    <testcase classname="EditProjectPage показывает ошибки валидации с сервера" name="EditProjectPage показывает ошибки валидации с сервера" time="1.042">
    </testcase>
    <testcase classname="EditProjectPage Footer переключает состояние при изменениях в форме" name="EditProjectPage Footer переключает состояние при изменениях в форме" time="1.397">
    </testcase>
    <testcase classname="EditProjectPage Footer скрывается, если в год указать кастомное значение" name="EditProjectPage Footer скрывается, если в год указать кастомное значение" time="0">
    </testcase>
  </testsuite>
  <testsuite name="ProjectForm" errors="0" failures="0" skipped="1" timestamp="2021-06-09T10:23:19" time="67.007" tests="16">
    <testcase classname="ProjectForm рендерит без ошибок" name="ProjectForm рендерит без ошибок" time="0.456">
    </testcase>
    <testcase classname="ProjectForm вызывает onSubmit" name="ProjectForm вызывает onSubmit" time="1.039">
    </testcase>
    <testcase classname="ProjectForm вызывает onCancel" name="ProjectForm вызывает onCancel" time="0.682">
    </testcase>
    <testcase classname="ProjectForm происходит смена статус на Blank, если статус был Unpublished" name="ProjectForm происходит смена статус на Blank, если статус был Unpublished" time="0">
      <skipped/>
    </testcase>
    <testcase classname="ProjectForm происходит смена шага" name="ProjectForm происходит смена шага" time="0">
    </testcase>
    <testcase classname="ProjectForm автосохранение происходит автосохрание на форме создания проекта" name="ProjectForm автосохранение происходит автосохрание на форме создания проекта" time="0.316">
    </testcase>
    <testcase classname="ProjectForm автосохранение не происходит автосохранение на форме редактирования проекта" name="ProjectForm автосохранение не происходит автосохранение на форме редактирования проекта" time="0.379">
    </testcase>
    <testcase classname="ProjectForm автосохранение срабатывает повторное автосохранение" name="ProjectForm автосохранение срабатывает повторное автосохранение" time="0.417">
    </testcase>
    <testcase classname="ProjectForm автосохранение не происходит автосохранение, если форма невалидна" name="ProjectForm автосохранение не происходит автосохранение, если форма невалидна" time="0.106">
    </testcase>
    <testcase classname="ProjectForm автосохранение при очищении региона происходит автосохранение" name="ProjectForm автосохранение при очищении региона происходит автосохранение" time="0.119">
    </testcase>
    <testcase classname="ProjectForm регион выставляет значение списка регионов по умолчанию" name="ProjectForm регион выставляет значение списка регионов по умолчанию" time="0.262">
    </testcase>
    <testcase classname="ProjectForm регион очищает поле при редактировании" name="ProjectForm регион очищает поле при редактировании" time="0.155">
    </testcase>
    <testcase classname="ProjectForm скрывает футер для редактирования проекта, если в форме нет изменений" name="ProjectForm скрывает футер для редактирования проекта, если в форме нет изменений" time="0">
    </testcase>
    <testcase classname="ProjectForm валидация полей название проекта показывает ошибку обязательного поля" name="ProjectForm валидация полей название проекта показывает ошибку обязательного поля" time="0.181">
    </testcase>
    <testcase classname="ProjectForm валидация полей название проекта показывает ошибку если символов больше 256" name="ProjectForm валидация полей название проекта показывает ошибку если символов больше 256" time="3.325">
    </testcase>
    <testcase classname="ProjectForm валидация полей название проекта показывает ошибку если символов меньше 2" name="ProjectForm валидация полей название проекта показывает ошибку если символов меньше 2" time="0.095">
    </testcase>
    <testcase classname="ProjectForm валидация полей система координат показывает ошибку, если символов больше 2000" name="ProjectForm валидация полей система координат показывает ошибку, если символов больше 2000" time="0.072">
    </testcase>
    <testcase classname="ProjectForm валидация полей описание проекта показывает ошибку если более 2000 символов" name="ProjectForm валидация полей описание проекта показывает ошибку если более 2000 символов" time="0.08">
    </testcase>
  </testsuite>
  <testsuite name="AppProvider" errors="0" failures="0" skipped="0" timestamp="2021-06-09T10:24:18" time="17.959" tests="4">
    <testcase classname="AppProvider useApp выкидывает исключение, если хук вызван вне провайдера" name="AppProvider useApp выкидывает исключение, если хук вызван вне провайдера" time="0.493">
    </testcase>
    <testcase classname="AppProvider useCurrentProjectParams возвращает текущий проект" name="AppProvider useCurrentProjectParams возвращает текущий проект" time="0.007">
    </testcase>
    <testcase classname="AppProvider useCurrentProjectParams данные проекта обновляются" name="AppProvider useCurrentProjectParams данные проекта обновляются" time="0.004">
    </testcase>
    <testcase classname="AppProvider useCurrentProjectParams выкидывает исключение, если хук вызван без активного проекта" name="AppProvider useCurrentProjectParams выкидывает исключение, если хук вызван без активного проекта" time="0.002">
    </testcase>
  </testsuite>
</testsuites>